[2017-10-22 23:42:14,239] bcr.Node_<Node_:a0001>:OUTPUT: [Main][TS: 1508730134.2394] Running BCR simulation for test case: replica_dict_object_support
[2017-10-22 23:42:14,302] bcr.Replica<Replica:bec03>:OUTPUT: [Head][TS: 1508730134.3027909] replica failures: {}
[2017-10-22 23:42:14,303] bcr.Olympus<Olympus:bec02>:OUTPUT: [Olympus][TS: 1508730134.303951] Olympus created replica process: Replica 0
[2017-10-22 23:42:14,304] bcr.Olympus<Olympus:bec02>:OUTPUT: [Olympus][TS: 1508730134.3047612] Olympus created keys for replica process: Replica 0. Public key: b'86197acdea99dca8b49ef209583c7578064e544a85e8d9bb7d1928be74f6d575'
[2017-10-22 23:42:14,320] bcr.Replica<Replica:bec04>:OUTPUT: [Replica 1][TS: 1508730134.320195] replica failures: {}
[2017-10-22 23:42:14,321] bcr.Olympus<Olympus:bec02>:OUTPUT: [Olympus][TS: 1508730134.3218482] Olympus created replica process: Replica 1
[2017-10-22 23:42:14,323] bcr.Olympus<Olympus:bec02>:OUTPUT: [Olympus][TS: 1508730134.323232] Olympus created keys for replica process: Replica 1. Public key: b'205098cb44d714a3ca1ea843246b2ba2bf2b8bf49be07c8aab7b685c32743f3e'
[2017-10-22 23:42:14,338] bcr.Replica<Replica:bec05>:OUTPUT: [Tail][TS: 1508730134.338151] replica failures: {}
[2017-10-22 23:42:14,339] bcr.Olympus<Olympus:bec02>:OUTPUT: [Olympus][TS: 1508730134.339307] Olympus created replica process: Replica 2
[2017-10-22 23:42:14,340] bcr.Olympus<Olympus:bec02>:OUTPUT: [Olympus][TS: 1508730134.34014] Olympus created keys for replica process: Replica 2. Public key: b'c55e752f852d6a3a489db2aa63db8482be32772db7720f94be982601377f3d75'
[2017-10-22 23:42:14,341] bcr.Node_<Node_:a0001>:OUTPUT: [Main][TS: 1508730134.341621] Workload for client 0 : [('put', ['movie', 'star']), ('append', ['movie', ' wars']), ('slice', ['movie', ' 0:4']), ('get', ['movie'])]
[2017-10-22 23:42:14,345] bcr.Replica<Replica:bec03>:OUTPUT: [Head][TS: 1508730134.345603] Head received replica references and public keys from Olympus
[2017-10-22 23:42:14,349] bcr.Olympus<Olympus:bec02>:OUTPUT: [Olympus][TS: 1508730134.349925] ACK from Head.
[2017-10-22 23:42:14,349] bcr.Replica<Replica:bec04>:OUTPUT: [Replica 1][TS: 1508730134.3498912] Replica 1 received replica references and public keys from Olympus
[2017-10-22 23:42:14,349] bcr.Replica<Replica:bec03>:OUTPUT: [Head][TS: 1508730134.349934] Head has receives its private key from Olympus.
[2017-10-22 23:42:14,350] bcr.Replica<Replica:bec05>:OUTPUT: [Tail][TS: 1508730134.350894] Tail received replica references and public keys from Olympus
[2017-10-22 23:42:14,351] bcr.Replica<Replica:bec04>:OUTPUT: [Replica 1][TS: 1508730134.351407] Replica 1 has receives its private key from Olympus.
[2017-10-22 23:42:14,351] bcr.Olympus<Olympus:bec02>:OUTPUT: [Olympus][TS: 1508730134.35157] ACK from Replica 1.
[2017-10-22 23:42:14,352] bcr.Olympus<Olympus:bec02>:OUTPUT: [Olympus][TS: 1508730134.352181] ACK from Head.
[2017-10-22 23:42:14,352] bcr.Replica<Replica:bec05>:OUTPUT: [Tail][TS: 1508730134.352257] Tail has receives its private key from Olympus.
[2017-10-22 23:42:14,353] bcr.Olympus<Olympus:bec02>:OUTPUT: [Olympus][TS: 1508730134.35316] ACK from Tail.
[2017-10-22 23:42:14,353] bcr.Olympus<Olympus:bec02>:OUTPUT: [Olympus][TS: 1508730134.353763] ACK from Replica 1.
[2017-10-22 23:42:14,354] bcr.Olympus<Olympus:bec02>:OUTPUT: [Olympus][TS: 1508730134.3542788] ACK from Tail.
[2017-10-22 23:42:14,360] bcr.Replica<Replica:bec03>:OUTPUT: [Head][TS: 1508730134.360766] Head has received client public key: b'778b579f3c39f13ab5693f89dfaa73027ef73333d91e98900d33c59b9d01b958' for client 0
[2017-10-22 23:42:14,360] bcr.Client<Client:bec03>:OUTPUT: [Client 0][TS: 1508730134.360446] Client 0 is configured.
[2017-10-22 23:42:14,360] bcr.Olympus<Olympus:bec02>:OUTPUT: [Olympus][TS: 1508730134.360747] Received public key: b'778b579f3c39f13ab5693f89dfaa73027ef73333d91e98900d33c59b9d01b958' from client: Client 0
[2017-10-22 23:42:14,361] bcr.Replica<Replica:bec04>:OUTPUT: [Replica 1][TS: 1508730134.361094] Replica 1 has received client public key: b'778b579f3c39f13ab5693f89dfaa73027ef73333d91e98900d33c59b9d01b958' for client 0
[2017-10-22 23:42:14,361] bcr.Olympus<Olympus:bec02>:OUTPUT: [Olympus][TS: 1508730134.361395] Configuration sent to Client 0.
[2017-10-22 23:42:14,362] bcr.Replica<Replica:bec05>:OUTPUT: [Tail][TS: 1508730134.362429] Tail has received client public key: b'778b579f3c39f13ab5693f89dfaa73027ef73333d91e98900d33c59b9d01b958' for client 0
[2017-10-22 23:42:14,362] bcr.Olympus<Olympus:bec02>:OUTPUT: [Olympus][TS: 1508730134.362613] ACK from Head.
[2017-10-22 23:42:14,363] bcr.Client<Client:bec03>:OUTPUT: [Client 0][TS: 1508730134.3631842] Received the public keys of replicas from Olympus
[2017-10-22 23:42:14,363] bcr.Olympus<Olympus:bec02>:OUTPUT: [Olympus][TS: 1508730134.363343] ACK from Client 0.
[2017-10-22 23:42:14,363] bcr.Replica<Replica:bec03>:OUTPUT: [Head][TS: 1508730134.363501] put request with request id 0 received by Head.
[2017-10-22 23:42:14,363] bcr.Client<Client:bec03>:OUTPUT: [Client 0][TS: 1508730134.36386] Received the public key of Olympus.
[2017-10-22 23:42:14,364] bcr.Replica<Replica:bec03>:OUTPUT: [Head][TS: 1508730134.364171] Head is in ACTIVE state.
[2017-10-22 23:42:14,364] bcr.Olympus<Olympus:bec02>:OUTPUT: [Olympus][TS: 1508730134.364604] ACK from Replica 1.
[2017-10-22 23:42:14,366] bcr.Olympus<Olympus:bec02>:OUTPUT: [Olympus][TS: 1508730134.366112] ACK from Tail.
[2017-10-22 23:42:14,368] bcr.Olympus<Olympus:bec02>:OUTPUT: [Olympus][TS: 1508730134.3687081] ACK from Client 0.
[2017-10-22 23:42:14,369] bcr.Replica<Replica:bec04>:OUTPUT: [Replica 1][TS: 1508730134.369756] put request with request id 0 received by Replica 1.
[2017-10-22 23:42:14,371] bcr.Replica<Replica:bec04>:OUTPUT: [Replica 1][TS: 1508730134.371518] Replica 1 is in ACTIVE state.
[2017-10-22 23:42:14,374] bcr.Replica<Replica:bec05>:OUTPUT: [Tail][TS: 1508730134.374346] put request with request id 0 received by Tail.
[2017-10-22 23:42:14,374] bcr.Replica<Replica:bec05>:OUTPUT: [Tail][TS: 1508730134.374794] Tail is in ACTIVE state.
[2017-10-22 23:42:14,377] bcr.Client<Client:bec03>:OUTPUT: [Client 0][TS: 1508730134.377524] Number of correct result proofs received :3, required majority: 2
[2017-10-22 23:42:14,377] bcr.Client<Client:bec03>:OUTPUT: [Client 0][TS: 1508730134.377944] Valid result: OK received for request id: 0
[2017-10-22 23:42:14,379] bcr.Replica<Replica:bec03>:OUTPUT: [Head][TS: 1508730134.379446] append request with request id 1 received by Head.
[2017-10-22 23:42:14,379] bcr.Replica<Replica:bec05>:OUTPUT: [Tail][TS: 1508730134.3796139] Result shuttle is at Tail.
[2017-10-22 23:42:14,380] bcr.Replica<Replica:bec03>:OUTPUT: [Head][TS: 1508730134.3800719] Head is in ACTIVE state.
[2017-10-22 23:42:14,381] bcr.Replica<Replica:bec04>:OUTPUT: [Replica 1][TS: 1508730134.381512] Result shuttle is at Replica 1.
[2017-10-22 23:42:14,382] bcr.Replica<Replica:bec03>:OUTPUT: [Head][TS: 1508730134.382642] Result shuttle is at Head.
[2017-10-22 23:42:14,382] bcr.Replica<Replica:bec04>:OUTPUT: [Replica 1][TS: 1508730134.382968] append request with request id 1 received by Replica 1.
[2017-10-22 23:42:14,383] bcr.Replica<Replica:bec04>:OUTPUT: [Replica 1][TS: 1508730134.383438] Replica 1 is in ACTIVE state.
[2017-10-22 23:42:14,398] bcr.Replica<Replica:bec05>:OUTPUT: [Tail][TS: 1508730134.39808] append request with request id 1 received by Tail.
[2017-10-22 23:42:14,398] bcr.Replica<Replica:bec05>:OUTPUT: [Tail][TS: 1508730134.398504] Tail is in ACTIVE state.
[2017-10-22 23:42:14,400] bcr.Client<Client:bec03>:OUTPUT: [Client 0][TS: 1508730134.400317] Number of correct result proofs received :3, required majority: 2
[2017-10-22 23:42:14,400] bcr.Client<Client:bec03>:OUTPUT: [Client 0][TS: 1508730134.4007292] Valid result: OK received for request id: 1
[2017-10-22 23:42:14,401] bcr.Replica<Replica:bec05>:OUTPUT: [Tail][TS: 1508730134.4010801] Result shuttle is at Tail.
[2017-10-22 23:42:14,402] bcr.Replica<Replica:bec03>:OUTPUT: [Head][TS: 1508730134.402138] slice request with request id 2 received by Head.
[2017-10-22 23:42:14,402] bcr.Replica<Replica:bec04>:OUTPUT: [Replica 1][TS: 1508730134.4023528] Result shuttle is at Replica 1.
[2017-10-22 23:42:14,402] bcr.Replica<Replica:bec03>:OUTPUT: [Head][TS: 1508730134.402731] Head is in ACTIVE state.
[2017-10-22 23:42:14,404] bcr.Replica<Replica:bec03>:OUTPUT: [Head][TS: 1508730134.404063] Result shuttle is at Head.
[2017-10-22 23:42:14,404] bcr.Replica<Replica:bec04>:OUTPUT: [Replica 1][TS: 1508730134.404039] slice request with request id 2 received by Replica 1.
[2017-10-22 23:42:14,404] bcr.Replica<Replica:bec04>:OUTPUT: [Replica 1][TS: 1508730134.404499] Replica 1 is in ACTIVE state.
[2017-10-22 23:42:14,405] bcr.Replica<Replica:bec05>:OUTPUT: [Tail][TS: 1508730134.4058099] slice request with request id 2 received by Tail.
[2017-10-22 23:42:14,406] bcr.Replica<Replica:bec05>:OUTPUT: [Tail][TS: 1508730134.4061718] Tail is in ACTIVE state.
[2017-10-22 23:42:14,407] bcr.Client<Client:bec03>:OUTPUT: [Client 0][TS: 1508730134.407752] Number of correct result proofs received :3, required majority: 2
[2017-10-22 23:42:14,408] bcr.Client<Client:bec03>:OUTPUT: [Client 0][TS: 1508730134.408185] Valid result: star received for request id: 2
[2017-10-22 23:42:14,409] bcr.Replica<Replica:bec05>:OUTPUT: [Tail][TS: 1508730134.408952] Result shuttle is at Tail.
[2017-10-22 23:42:14,410] bcr.Replica<Replica:bec03>:OUTPUT: [Head][TS: 1508730134.410145] get request with request id 3 received by Head.
[2017-10-22 23:42:14,410] bcr.Replica<Replica:bec03>:OUTPUT: [Head][TS: 1508730134.4106472] Head is in ACTIVE state.
[2017-10-22 23:42:14,411] bcr.Replica<Replica:bec04>:OUTPUT: [Replica 1][TS: 1508730134.411149] Result shuttle is at Replica 1.
[2017-10-22 23:42:14,412] bcr.Replica<Replica:bec03>:OUTPUT: [Head][TS: 1508730134.412808] Result shuttle is at Head.
[2017-10-22 23:42:14,413] bcr.Replica<Replica:bec04>:OUTPUT: [Replica 1][TS: 1508730134.413207] get request with request id 3 received by Replica 1.
[2017-10-22 23:42:14,414] bcr.Replica<Replica:bec04>:OUTPUT: [Replica 1][TS: 1508730134.414262] Replica 1 is in ACTIVE state.
[2017-10-22 23:42:14,417] bcr.Replica<Replica:bec05>:OUTPUT: [Tail][TS: 1508730134.417593] get request with request id 3 received by Tail.
[2017-10-22 23:42:14,418] bcr.Replica<Replica:bec05>:OUTPUT: [Tail][TS: 1508730134.418754] Tail is in ACTIVE state.
[2017-10-22 23:42:14,421] bcr.Client<Client:bec03>:OUTPUT: [Client 0][TS: 1508730134.421312] Number of correct result proofs received :3, required majority: 2
[2017-10-22 23:42:14,422] bcr.Client<Client:bec03>:OUTPUT: [Client 0][TS: 1508730134.42205] Valid result: star received for request id: 3
[2017-10-22 23:42:14,422] bcr.Replica<Replica:bec05>:OUTPUT: [Tail][TS: 1508730134.422266] Result shuttle is at Tail.
[2017-10-22 23:42:14,422] bcr.Client<Client:bec03>:OUTPUT: [Client 0][TS: 1508730134.422831] Local running state of client after the given set of operations: {'movie': 'star'}.
[2017-10-22 23:42:14,423] bcr.Client<Client:bec03>:OUTPUT: [Client 0][TS: 1508730134.423184] Running state of client at the server (assuming no conflicting keys from other clients) after the given set of operations: {'movie': 'star'}.
[2017-10-22 23:42:14,423] bcr.Replica<Replica:bec04>:OUTPUT: [Replica 1][TS: 1508730134.42355] Result shuttle is at Replica 1.
[2017-10-22 23:42:14,423] bcr.Client<Client:bec03>:OUTPUT: [Client 0][TS: 1508730134.42363] 

Test case passed! Actual and expected running states match.


[2017-10-22 23:42:14,424] bcr.Replica<Replica:bec03>:OUTPUT: [Head][TS: 1508730134.424309] Result shuttle is at Head.
[2017-10-22 23:42:23,699] bcr.Node_<Node_:a0001>:OUTPUT: [Main][TS: 1508730143.699296] Running BCR simulation for test case: replica_dict_object_support
[2017-10-22 23:42:23,762] bcr.Replica<Replica:9dc03>:OUTPUT: [Head][TS: 1508730143.7623649] replica failures: {}
[2017-10-22 23:42:23,765] bcr.Olympus<Olympus:9dc02>:OUTPUT: [Olympus][TS: 1508730143.765107] Olympus created replica process: Replica 0
[2017-10-22 23:42:23,766] bcr.Olympus<Olympus:9dc02>:OUTPUT: [Olympus][TS: 1508730143.766196] Olympus created keys for replica process: Replica 0. Public key: b'd578439bbdaf4369b93cbf3579b79d83ef67685b163eb3d05b81c311ae5b1b23'
[2017-10-22 23:42:23,781] bcr.Replica<Replica:9dc04>:OUTPUT: [Replica 1][TS: 1508730143.781335] replica failures: {}
[2017-10-22 23:42:23,782] bcr.Olympus<Olympus:9dc02>:OUTPUT: [Olympus][TS: 1508730143.782511] Olympus created replica process: Replica 1
[2017-10-22 23:42:23,783] bcr.Olympus<Olympus:9dc02>:OUTPUT: [Olympus][TS: 1508730143.78338] Olympus created keys for replica process: Replica 1. Public key: b'309e633a95224af8e00490b5e2a97a0d79469829223a041ccba4d7bcc73b666d'
[2017-10-22 23:42:23,801] bcr.Replica<Replica:9dc05>:OUTPUT: [Tail][TS: 1508730143.801027] replica failures: {}
[2017-10-22 23:42:23,802] bcr.Olympus<Olympus:9dc02>:OUTPUT: [Olympus][TS: 1508730143.802773] Olympus created replica process: Replica 2
[2017-10-22 23:42:23,803] bcr.Olympus<Olympus:9dc02>:OUTPUT: [Olympus][TS: 1508730143.803835] Olympus created keys for replica process: Replica 2. Public key: b'71cdc58e90461ef841a2ddd560380ace132440887c8f1d108b9f3aff78cead32'
[2017-10-22 23:42:23,806] bcr.Node_<Node_:a0001>:OUTPUT: [Main][TS: 1508730143.806205] Workload for client 0 : [('put', ['movie', 'star']), ('append', ['movie', ' wars']), ('slice', ['movie', ' 0:4']), ('get', ['movie'])]
[2017-10-22 23:42:23,813] bcr.Replica<Replica:9dc03>:OUTPUT: [Head][TS: 1508730143.8134289] Head received replica references and public keys from Olympus
[2017-10-22 23:42:23,814] bcr.Replica<Replica:9dc04>:OUTPUT: [Replica 1][TS: 1508730143.814035] Replica 1 received replica references and public keys from Olympus
[2017-10-22 23:42:23,816] bcr.Replica<Replica:9dc04>:OUTPUT: [Replica 1][TS: 1508730143.816237] Replica 1 has receives its private key from Olympus.
[2017-10-22 23:42:23,816] bcr.Replica<Replica:9dc03>:OUTPUT: [Head][TS: 1508730143.816185] Head has receives its private key from Olympus.
[2017-10-22 23:42:23,816] bcr.Replica<Replica:9dc05>:OUTPUT: [Tail][TS: 1508730143.816428] Tail received replica references and public keys from Olympus
[2017-10-22 23:42:23,817] bcr.Replica<Replica:9dc05>:OUTPUT: [Tail][TS: 1508730143.8176901] Tail has receives its private key from Olympus.
[2017-10-22 23:42:23,817] bcr.Olympus<Olympus:9dc02>:OUTPUT: [Olympus][TS: 1508730143.8175318] ACK from Head.
[2017-10-22 23:42:23,818] bcr.Olympus<Olympus:9dc02>:OUTPUT: [Olympus][TS: 1508730143.818548] ACK from Replica 1.
[2017-10-22 23:42:23,819] bcr.Olympus<Olympus:9dc02>:OUTPUT: [Olympus][TS: 1508730143.819061] ACK from Replica 1.
[2017-10-22 23:42:23,819] bcr.Olympus<Olympus:9dc02>:OUTPUT: [Olympus][TS: 1508730143.819521] ACK from Head.
[2017-10-22 23:42:23,819] bcr.Olympus<Olympus:9dc02>:OUTPUT: [Olympus][TS: 1508730143.819935] ACK from Tail.
[2017-10-22 23:42:23,820] bcr.Olympus<Olympus:9dc02>:OUTPUT: [Olympus][TS: 1508730143.820344] ACK from Tail.
[2017-10-22 23:42:23,826] bcr.Client<Client:9dc03>:OUTPUT: [Client 0][TS: 1508730143.8267388] Client 0 is configured.
[2017-10-22 23:42:23,827] bcr.Replica<Replica:9dc04>:OUTPUT: [Replica 1][TS: 1508730143.827245] Replica 1 has received client public key: b'65d1f9b19422ee7278791bfb1f66d90bae3dd3ad088b5e4347e1b4356dfc550e' for client 0
[2017-10-22 23:42:23,826] bcr.Olympus<Olympus:9dc02>:OUTPUT: [Olympus][TS: 1508730143.8269289] Received public key: b'65d1f9b19422ee7278791bfb1f66d90bae3dd3ad088b5e4347e1b4356dfc550e' from client: Client 0
[2017-10-22 23:42:23,827] bcr.Replica<Replica:9dc05>:OUTPUT: [Tail][TS: 1508730143.827637] Tail has received client public key: b'65d1f9b19422ee7278791bfb1f66d90bae3dd3ad088b5e4347e1b4356dfc550e' for client 0
[2017-10-22 23:42:23,827] bcr.Replica<Replica:9dc03>:OUTPUT: [Head][TS: 1508730143.827059] Head has received client public key: b'65d1f9b19422ee7278791bfb1f66d90bae3dd3ad088b5e4347e1b4356dfc550e' for client 0
[2017-10-22 23:42:23,828] bcr.Olympus<Olympus:9dc02>:OUTPUT: [Olympus][TS: 1508730143.827987] Configuration sent to Client 0.
[2017-10-22 23:42:23,829] bcr.Olympus<Olympus:9dc02>:OUTPUT: [Olympus][TS: 1508730143.829294] ACK from Client 0.
[2017-10-22 23:42:23,829] bcr.Client<Client:9dc03>:OUTPUT: [Client 0][TS: 1508730143.829251] Received the public keys of replicas from Olympus
[2017-10-22 23:42:23,829] bcr.Replica<Replica:9dc03>:OUTPUT: [Head][TS: 1508730143.829507] put request with request id 0 received by Head.
[2017-10-22 23:42:23,829] bcr.Olympus<Olympus:9dc02>:OUTPUT: [Olympus][TS: 1508730143.829886] ACK from Replica 1.
[2017-10-22 23:42:23,829] bcr.Client<Client:9dc03>:OUTPUT: [Client 0][TS: 1508730143.829835] Received the public key of Olympus.
[2017-10-22 23:42:23,830] bcr.Replica<Replica:9dc03>:OUTPUT: [Head][TS: 1508730143.830035] Head is in ACTIVE state.
[2017-10-22 23:42:23,830] bcr.Olympus<Olympus:9dc02>:OUTPUT: [Olympus][TS: 1508730143.830452] ACK from Tail.
[2017-10-22 23:42:23,830] bcr.Olympus<Olympus:9dc02>:OUTPUT: [Olympus][TS: 1508730143.830942] ACK from Head.
[2017-10-22 23:42:23,831] bcr.Olympus<Olympus:9dc02>:OUTPUT: [Olympus][TS: 1508730143.8316329] ACK from Client 0.
[2017-10-22 23:42:23,832] bcr.Replica<Replica:9dc04>:OUTPUT: [Replica 1][TS: 1508730143.832067] put request with request id 0 received by Replica 1.
[2017-10-22 23:42:23,832] bcr.Replica<Replica:9dc04>:OUTPUT: [Replica 1][TS: 1508730143.832403] Replica 1 is in ACTIVE state.
[2017-10-22 23:42:23,834] bcr.Replica<Replica:9dc05>:OUTPUT: [Tail][TS: 1508730143.8346581] put request with request id 0 received by Tail.
[2017-10-22 23:42:23,835] bcr.Replica<Replica:9dc05>:OUTPUT: [Tail][TS: 1508730143.835082] Tail is in ACTIVE state.
[2017-10-22 23:42:23,837] bcr.Client<Client:9dc03>:OUTPUT: [Client 0][TS: 1508730143.837888] Number of correct result proofs received :3, required majority: 2
[2017-10-22 23:42:23,838] bcr.Client<Client:9dc03>:OUTPUT: [Client 0][TS: 1508730143.838329] Valid result: OK received for request id: 0
[2017-10-22 23:42:23,839] bcr.Replica<Replica:9dc05>:OUTPUT: [Tail][TS: 1508730143.8392] Result shuttle is at Tail.
[2017-10-22 23:42:23,839] bcr.Replica<Replica:9dc03>:OUTPUT: [Head][TS: 1508730143.8399382] append request with request id 1 received by Head.
[2017-10-22 23:42:23,840] bcr.Replica<Replica:9dc03>:OUTPUT: [Head][TS: 1508730143.840383] Head is in ACTIVE state.
[2017-10-22 23:42:23,841] bcr.Replica<Replica:9dc04>:OUTPUT: [Replica 1][TS: 1508730143.841536] Result shuttle is at Replica 1.
[2017-10-22 23:42:23,842] bcr.Replica<Replica:9dc03>:OUTPUT: [Head][TS: 1508730143.842806] Result shuttle is at Head.
[2017-10-22 23:42:23,843] bcr.Replica<Replica:9dc04>:OUTPUT: [Replica 1][TS: 1508730143.843124] append request with request id 1 received by Replica 1.
[2017-10-22 23:42:23,843] bcr.Replica<Replica:9dc04>:OUTPUT: [Replica 1][TS: 1508730143.843589] Replica 1 is in ACTIVE state.
[2017-10-22 23:42:23,844] bcr.Replica<Replica:9dc05>:OUTPUT: [Tail][TS: 1508730143.844908] append request with request id 1 received by Tail.
[2017-10-22 23:42:23,845] bcr.Replica<Replica:9dc05>:OUTPUT: [Tail][TS: 1508730143.84527] Tail is in ACTIVE state.
[2017-10-22 23:42:23,847] bcr.Client<Client:9dc03>:OUTPUT: [Client 0][TS: 1508730143.847185] Number of correct result proofs received :3, required majority: 2
[2017-10-22 23:42:23,847] bcr.Client<Client:9dc03>:OUTPUT: [Client 0][TS: 1508730143.847771] Valid result: OK received for request id: 1
[2017-10-22 23:42:23,848] bcr.Replica<Replica:9dc05>:OUTPUT: [Tail][TS: 1508730143.84856] Result shuttle is at Tail.
[2017-10-22 23:42:23,850] bcr.Replica<Replica:9dc03>:OUTPUT: [Head][TS: 1508730143.849988] slice request with request id 2 received by Head.
[2017-10-22 23:42:23,850] bcr.Replica<Replica:9dc04>:OUTPUT: [Replica 1][TS: 1508730143.850591] Result shuttle is at Replica 1.
[2017-10-22 23:42:23,850] bcr.Replica<Replica:9dc03>:OUTPUT: [Head][TS: 1508730143.850653] Head is in ACTIVE state.
[2017-10-22 23:42:23,854] bcr.Replica<Replica:9dc03>:OUTPUT: [Head][TS: 1508730143.854188] Result shuttle is at Head.
[2017-10-22 23:42:23,854] bcr.Replica<Replica:9dc04>:OUTPUT: [Replica 1][TS: 1508730143.854147] slice request with request id 2 received by Replica 1.
[2017-10-22 23:42:23,854] bcr.Replica<Replica:9dc04>:OUTPUT: [Replica 1][TS: 1508730143.854768] Replica 1 is in ACTIVE state.
[2017-10-22 23:42:23,870] bcr.Replica<Replica:9dc05>:OUTPUT: [Tail][TS: 1508730143.8704598] slice request with request id 2 received by Tail.
[2017-10-22 23:42:23,870] bcr.Replica<Replica:9dc05>:OUTPUT: [Tail][TS: 1508730143.87086] Tail is in ACTIVE state.
[2017-10-22 23:42:23,872] bcr.Client<Client:9dc03>:OUTPUT: [Client 0][TS: 1508730143.872479] Number of correct result proofs received :3, required majority: 2
[2017-10-22 23:42:23,872] bcr.Client<Client:9dc03>:OUTPUT: [Client 0][TS: 1508730143.8729222] Valid result: star received for request id: 2
[2017-10-22 23:42:23,873] bcr.Replica<Replica:9dc05>:OUTPUT: [Tail][TS: 1508730143.873421] Result shuttle is at Tail.
[2017-10-22 23:42:23,874] bcr.Replica<Replica:9dc03>:OUTPUT: [Head][TS: 1508730143.874388] get request with request id 3 received by Head.
[2017-10-22 23:42:23,874] bcr.Replica<Replica:9dc04>:OUTPUT: [Replica 1][TS: 1508730143.874592] Result shuttle is at Replica 1.
[2017-10-22 23:42:23,875] bcr.Replica<Replica:9dc03>:OUTPUT: [Head][TS: 1508730143.875] Head is in ACTIVE state.
[2017-10-22 23:42:23,876] bcr.Replica<Replica:9dc04>:OUTPUT: [Replica 1][TS: 1508730143.876352] get request with request id 3 received by Replica 1.
[2017-10-22 23:42:23,876] bcr.Replica<Replica:9dc03>:OUTPUT: [Head][TS: 1508730143.8764071] Result shuttle is at Head.
[2017-10-22 23:42:23,876] bcr.Replica<Replica:9dc04>:OUTPUT: [Replica 1][TS: 1508730143.87677] Replica 1 is in ACTIVE state.
[2017-10-22 23:42:23,878] bcr.Replica<Replica:9dc05>:OUTPUT: [Tail][TS: 1508730143.8780951] get request with request id 3 received by Tail.
[2017-10-22 23:42:23,878] bcr.Replica<Replica:9dc05>:OUTPUT: [Tail][TS: 1508730143.878489] Tail is in ACTIVE state.
[2017-10-22 23:42:23,880] bcr.Client<Client:9dc03>:OUTPUT: [Client 0][TS: 1508730143.880079] Number of correct result proofs received :3, required majority: 2
[2017-10-22 23:42:23,880] bcr.Client<Client:9dc03>:OUTPUT: [Client 0][TS: 1508730143.880558] Valid result: star received for request id: 3
[2017-10-22 23:42:23,881] bcr.Replica<Replica:9dc05>:OUTPUT: [Tail][TS: 1508730143.8810291] Result shuttle is at Tail.
[2017-10-22 23:42:23,881] bcr.Client<Client:9dc03>:OUTPUT: [Client 0][TS: 1508730143.88123] Local running state of client after the given set of operations: {'movie': 'star'}.
[2017-10-22 23:42:23,881] bcr.Client<Client:9dc03>:OUTPUT: [Client 0][TS: 1508730143.881686] Running state of client at the server (assuming no conflicting keys from other clients) after the given set of operations: {'movie': 'star'}.
[2017-10-22 23:42:23,882] bcr.Client<Client:9dc03>:OUTPUT: [Client 0][TS: 1508730143.8821912] 

Test case passed! Actual and expected running states match.


[2017-10-22 23:42:23,882] bcr.Replica<Replica:9dc04>:OUTPUT: [Replica 1][TS: 1508730143.882355] Result shuttle is at Replica 1.
[2017-10-22 23:42:23,882] bcr.Replica<Replica:9dc03>:OUTPUT: [Head][TS: 1508730143.882784] Result shuttle is at Head.
[2017-10-22 23:42:29,985] bcr.Node_<Node_:a0001>:OUTPUT: [Main][TS: 1508730149.9850602] Running BCR simulation for test case: replica_dict_object_support
[2017-10-22 23:42:30,044] bcr.Replica<Replica:2e403>:OUTPUT: [Head][TS: 1508730150.044866] replica failures: {}
[2017-10-22 23:42:30,047] bcr.Olympus<Olympus:2e402>:OUTPUT: [Olympus][TS: 1508730150.047391] Olympus created replica process: Replica 0
[2017-10-22 23:42:30,049] bcr.Olympus<Olympus:2e402>:OUTPUT: [Olympus][TS: 1508730150.049758] Olympus created keys for replica process: Replica 0. Public key: b'edf511d993fb759ce4c6338d33cb0d5ddbd17cff1f1b14d49617841425f8b72d'
[2017-10-22 23:42:30,067] bcr.Replica<Replica:2e404>:OUTPUT: [Replica 1][TS: 1508730150.067161] replica failures: {}
[2017-10-22 23:42:30,068] bcr.Olympus<Olympus:2e402>:OUTPUT: [Olympus][TS: 1508730150.0688179] Olympus created replica process: Replica 1
[2017-10-22 23:42:30,069] bcr.Olympus<Olympus:2e402>:OUTPUT: [Olympus][TS: 1508730150.069712] Olympus created keys for replica process: Replica 1. Public key: b'27f36049dfe1675759661166bb88a2b9ecdbe8292dcfd6c6a027d2d664dc2576'
[2017-10-22 23:42:30,085] bcr.Replica<Replica:2e405>:OUTPUT: [Tail][TS: 1508730150.085495] replica failures: {}
[2017-10-22 23:42:30,086] bcr.Olympus<Olympus:2e402>:OUTPUT: [Olympus][TS: 1508730150.086901] Olympus created replica process: Replica 2
[2017-10-22 23:42:30,087] bcr.Olympus<Olympus:2e402>:OUTPUT: [Olympus][TS: 1508730150.087882] Olympus created keys for replica process: Replica 2. Public key: b'798f27fb5a5d774e50d274ba7c31fc3bc0e8486a372d4423d63c69fd96d602b1'
[2017-10-22 23:42:30,090] bcr.Node_<Node_:a0001>:OUTPUT: [Main][TS: 1508730150.0902662] Workload for client 0 : [('put', ['movie', 'star']), ('append', ['movie', ' wars']), ('slice', ['movie', ' 0:4']), ('get', ['movie'])]
[2017-10-22 23:42:30,100] bcr.Replica<Replica:2e404>:OUTPUT: [Replica 1][TS: 1508730150.100393] Replica 1 received replica references and public keys from Olympus
[2017-10-22 23:42:30,101] bcr.Replica<Replica:2e405>:OUTPUT: [Tail][TS: 1508730150.100828] Tail received replica references and public keys from Olympus
[2017-10-22 23:42:30,100] bcr.Replica<Replica:2e403>:OUTPUT: [Head][TS: 1508730150.096222] Head received replica references and public keys from Olympus
[2017-10-22 23:42:30,105] bcr.Replica<Replica:2e403>:OUTPUT: [Head][TS: 1508730150.105151] Head has receives its private key from Olympus.
[2017-10-22 23:42:30,106] bcr.Replica<Replica:2e404>:OUTPUT: [Replica 1][TS: 1508730150.1059918] Replica 1 has receives its private key from Olympus.
[2017-10-22 23:42:30,106] bcr.Olympus<Olympus:2e402>:OUTPUT: [Olympus][TS: 1508730150.1065118] ACK from Tail.
[2017-10-22 23:42:30,105] bcr.Replica<Replica:2e405>:OUTPUT: [Tail][TS: 1508730150.105012] Tail has receives its private key from Olympus.
[2017-10-22 23:42:30,107] bcr.Olympus<Olympus:2e402>:OUTPUT: [Olympus][TS: 1508730150.107219] ACK from Head.
[2017-10-22 23:42:30,107] bcr.Olympus<Olympus:2e402>:OUTPUT: [Olympus][TS: 1508730150.107897] ACK from Replica 1.
[2017-10-22 23:42:30,108] bcr.Olympus<Olympus:2e402>:OUTPUT: [Olympus][TS: 1508730150.108572] ACK from Head.
[2017-10-22 23:42:30,109] bcr.Olympus<Olympus:2e402>:OUTPUT: [Olympus][TS: 1508730150.10928] ACK from Replica 1.
[2017-10-22 23:42:30,110] bcr.Olympus<Olympus:2e402>:OUTPUT: [Olympus][TS: 1508730150.110369] ACK from Tail.
[2017-10-22 23:42:30,115] bcr.Client<Client:2e403>:OUTPUT: [Client 0][TS: 1508730150.1153312] Client 0 is configured.
[2017-10-22 23:42:30,115] bcr.Olympus<Olympus:2e402>:OUTPUT: [Olympus][TS: 1508730150.115846] Received public key: b'87e863bc2c8f10b4736081bc127fd5468eab4400a7fb484fd3153f1ff9a0b881' from client: Client 0
[2017-10-22 23:42:30,116] bcr.Replica<Replica:2e403>:OUTPUT: [Head][TS: 1508730150.1160262] Head has received client public key: b'87e863bc2c8f10b4736081bc127fd5468eab4400a7fb484fd3153f1ff9a0b881' for client 0
[2017-10-22 23:42:30,116] bcr.Olympus<Olympus:2e402>:OUTPUT: [Olympus][TS: 1508730150.116381] Configuration sent to Client 0.
[2017-10-22 23:42:30,117] bcr.Replica<Replica:2e405>:OUTPUT: [Tail][TS: 1508730150.117733] Tail has received client public key: b'87e863bc2c8f10b4736081bc127fd5468eab4400a7fb484fd3153f1ff9a0b881' for client 0
[2017-10-22 23:42:30,118] bcr.Client<Client:2e403>:OUTPUT: [Client 0][TS: 1508730150.118104] Received the public keys of replicas from Olympus
[2017-10-22 23:42:30,117] bcr.Replica<Replica:2e404>:OUTPUT: [Replica 1][TS: 1508730150.117475] Replica 1 has received client public key: b'87e863bc2c8f10b4736081bc127fd5468eab4400a7fb484fd3153f1ff9a0b881' for client 0
[2017-10-22 23:42:30,118] bcr.Replica<Replica:2e403>:OUTPUT: [Head][TS: 1508730150.118346] put request with request id 0 received by Head.
[2017-10-22 23:42:30,117] bcr.Olympus<Olympus:2e402>:OUTPUT: [Olympus][TS: 1508730150.1173818] ACK from Client 0.
[2017-10-22 23:42:30,124] bcr.Client<Client:2e403>:OUTPUT: [Client 0][TS: 1508730150.124796] Received the public key of Olympus.
[2017-10-22 23:42:30,124] bcr.Replica<Replica:2e403>:OUTPUT: [Head][TS: 1508730150.124939] Head is in ACTIVE state.
[2017-10-22 23:42:30,125] bcr.Olympus<Olympus:2e402>:OUTPUT: [Olympus][TS: 1508730150.1254232] ACK from Head.
[2017-10-22 23:42:30,126] bcr.Olympus<Olympus:2e402>:OUTPUT: [Olympus][TS: 1508730150.126482] ACK from Tail.
[2017-10-22 23:42:30,127] bcr.Olympus<Olympus:2e402>:OUTPUT: [Olympus][TS: 1508730150.1270342] ACK from Replica 1.
[2017-10-22 23:42:30,127] bcr.Replica<Replica:2e404>:OUTPUT: [Replica 1][TS: 1508730150.1272151] put request with request id 0 received by Replica 1.
[2017-10-22 23:42:30,127] bcr.Replica<Replica:2e404>:OUTPUT: [Replica 1][TS: 1508730150.1275861] Replica 1 is in ACTIVE state.
[2017-10-22 23:42:30,127] bcr.Olympus<Olympus:2e402>:OUTPUT: [Olympus][TS: 1508730150.1276171] ACK from Client 0.
[2017-10-22 23:42:30,129] bcr.Replica<Replica:2e405>:OUTPUT: [Tail][TS: 1508730150.129924] put request with request id 0 received by Tail.
[2017-10-22 23:42:30,130] bcr.Replica<Replica:2e405>:OUTPUT: [Tail][TS: 1508730150.13041] Tail is in ACTIVE state.
[2017-10-22 23:42:30,133] bcr.Client<Client:2e403>:OUTPUT: [Client 0][TS: 1508730150.133321] Number of correct result proofs received :3, required majority: 2
[2017-10-22 23:42:30,133] bcr.Client<Client:2e403>:OUTPUT: [Client 0][TS: 1508730150.133866] Valid result: OK received for request id: 0
[2017-10-22 23:42:30,134] bcr.Replica<Replica:2e405>:OUTPUT: [Tail][TS: 1508730150.134422] Result shuttle is at Tail.
[2017-10-22 23:42:30,135] bcr.Replica<Replica:2e403>:OUTPUT: [Head][TS: 1508730150.135325] append request with request id 1 received by Head.
[2017-10-22 23:42:30,135] bcr.Replica<Replica:2e403>:OUTPUT: [Head][TS: 1508730150.135755] Head is in ACTIVE state.
[2017-10-22 23:42:30,137] bcr.Replica<Replica:2e404>:OUTPUT: [Replica 1][TS: 1508730150.1370811] Result shuttle is at Replica 1.
[2017-10-22 23:42:30,137] bcr.Replica<Replica:2e403>:OUTPUT: [Head][TS: 1508730150.137732] Result shuttle is at Head.
[2017-10-22 23:42:30,138] bcr.Replica<Replica:2e404>:OUTPUT: [Replica 1][TS: 1508730150.13809] append request with request id 1 received by Replica 1.
[2017-10-22 23:42:30,138] bcr.Replica<Replica:2e404>:OUTPUT: [Replica 1][TS: 1508730150.13844] Replica 1 is in ACTIVE state.
[2017-10-22 23:42:30,139] bcr.Replica<Replica:2e405>:OUTPUT: [Tail][TS: 1508730150.139831] append request with request id 1 received by Tail.
[2017-10-22 23:42:30,140] bcr.Replica<Replica:2e405>:OUTPUT: [Tail][TS: 1508730150.140506] Tail is in ACTIVE state.
[2017-10-22 23:42:30,142] bcr.Client<Client:2e403>:OUTPUT: [Client 0][TS: 1508730150.1423318] Number of correct result proofs received :3, required majority: 2
[2017-10-22 23:42:30,142] bcr.Client<Client:2e403>:OUTPUT: [Client 0][TS: 1508730150.142797] Valid result: OK received for request id: 1
[2017-10-22 23:42:30,143] bcr.Replica<Replica:2e405>:OUTPUT: [Tail][TS: 1508730150.1432168] Result shuttle is at Tail.
[2017-10-22 23:42:30,144] bcr.Replica<Replica:2e403>:OUTPUT: [Head][TS: 1508730150.144301] slice request with request id 2 received by Head.
[2017-10-22 23:42:30,144] bcr.Replica<Replica:2e404>:OUTPUT: [Replica 1][TS: 1508730150.144595] Result shuttle is at Replica 1.
[2017-10-22 23:42:30,144] bcr.Replica<Replica:2e403>:OUTPUT: [Head][TS: 1508730150.144923] Head is in ACTIVE state.
[2017-10-22 23:42:30,148] bcr.Replica<Replica:2e403>:OUTPUT: [Head][TS: 1508730150.1480389] Result shuttle is at Head.
[2017-10-22 23:42:30,148] bcr.Replica<Replica:2e404>:OUTPUT: [Replica 1][TS: 1508730150.1480389] slice request with request id 2 received by Replica 1.
[2017-10-22 23:42:30,148] bcr.Replica<Replica:2e404>:OUTPUT: [Replica 1][TS: 1508730150.148938] Replica 1 is in ACTIVE state.
[2017-10-22 23:42:30,151] bcr.Replica<Replica:2e405>:OUTPUT: [Tail][TS: 1508730150.151146] slice request with request id 2 received by Tail.
[2017-10-22 23:42:30,152] bcr.Replica<Replica:2e405>:OUTPUT: [Tail][TS: 1508730150.15202] Tail is in ACTIVE state.
[2017-10-22 23:42:30,154] bcr.Client<Client:2e403>:OUTPUT: [Client 0][TS: 1508730150.15459] Number of correct result proofs received :3, required majority: 2
[2017-10-22 23:42:30,155] bcr.Client<Client:2e403>:OUTPUT: [Client 0][TS: 1508730150.155224] Valid result: star received for request id: 2
[2017-10-22 23:42:30,155] bcr.Replica<Replica:2e405>:OUTPUT: [Tail][TS: 1508730150.155318] Result shuttle is at Tail.
[2017-10-22 23:42:30,156] bcr.Replica<Replica:2e404>:OUTPUT: [Replica 1][TS: 1508730150.156692] Result shuttle is at Replica 1.
[2017-10-22 23:42:30,157] bcr.Replica<Replica:2e403>:OUTPUT: [Head][TS: 1508730150.157449] Result shuttle is at Head.
[2017-10-22 23:42:30,158] bcr.Replica<Replica:2e403>:OUTPUT: [Head][TS: 1508730150.1581702] get request with request id 3 received by Head.
[2017-10-22 23:42:30,158] bcr.Replica<Replica:2e403>:OUTPUT: [Head][TS: 1508730150.158478] Head is in ACTIVE state.
[2017-10-22 23:42:30,159] bcr.Replica<Replica:2e404>:OUTPUT: [Replica 1][TS: 1508730150.159758] get request with request id 3 received by Replica 1.
[2017-10-22 23:42:30,160] bcr.Replica<Replica:2e404>:OUTPUT: [Replica 1][TS: 1508730150.1601238] Replica 1 is in ACTIVE state.
[2017-10-22 23:42:30,161] bcr.Replica<Replica:2e405>:OUTPUT: [Tail][TS: 1508730150.1614468] get request with request id 3 received by Tail.
[2017-10-22 23:42:30,161] bcr.Replica<Replica:2e405>:OUTPUT: [Tail][TS: 1508730150.1618078] Tail is in ACTIVE state.
[2017-10-22 23:42:30,163] bcr.Client<Client:2e403>:OUTPUT: [Client 0][TS: 1508730150.163789] Number of correct result proofs received :3, required majority: 2
[2017-10-22 23:42:30,164] bcr.Client<Client:2e403>:OUTPUT: [Client 0][TS: 1508730150.164382] Valid result: star received for request id: 3
[2017-10-22 23:42:30,164] bcr.Replica<Replica:2e405>:OUTPUT: [Tail][TS: 1508730150.164758] Result shuttle is at Tail.
[2017-10-22 23:42:30,166] bcr.Replica<Replica:2e403>:OUTPUT: [Head][TS: 1508730150.166637] Result shuttle is at Head.
[2017-10-22 23:42:30,166] bcr.Replica<Replica:2e404>:OUTPUT: [Replica 1][TS: 1508730150.16605] Result shuttle is at Replica 1.
[2017-10-22 23:42:30,165] bcr.Client<Client:2e403>:OUTPUT: [Client 0][TS: 1508730150.16533] Local running state of client after the given set of operations: {'movie': 'star'}.
[2017-10-22 23:42:30,180] bcr.Client<Client:2e403>:OUTPUT: [Client 0][TS: 1508730150.1808481] Running state of client at the server (assuming no conflicting keys from other clients) after the given set of operations: {'movie': 'star'}.
[2017-10-22 23:42:30,181] bcr.Client<Client:2e403>:OUTPUT: [Client 0][TS: 1508730150.181369] 

Test case passed! Actual and expected running states match.


[2017-10-22 23:42:38,438] bcr.Node_<Node_:a0001>:OUTPUT: [Main][TS: 1508730158.438556] Running BCR simulation for test case: replica_dict_object_support
[2017-10-22 23:42:38,505] bcr.Replica<Replica:23003>:OUTPUT: [Head][TS: 1508730158.5054688] replica failures: {}
[2017-10-22 23:42:38,507] bcr.Olympus<Olympus:23002>:OUTPUT: [Olympus][TS: 1508730158.507276] Olympus created replica process: Replica 0
[2017-10-22 23:42:38,508] bcr.Olympus<Olympus:23002>:OUTPUT: [Olympus][TS: 1508730158.508307] Olympus created keys for replica process: Replica 0. Public key: b'3b87ddc6f9e16a3209f874e58a1624c9eb92803544e8a6dd66c5a624aa76225d'
[2017-10-22 23:42:38,525] bcr.Replica<Replica:23004>:OUTPUT: [Replica 1][TS: 1508730158.525258] replica failures: {}
[2017-10-22 23:42:38,527] bcr.Olympus<Olympus:23002>:OUTPUT: [Olympus][TS: 1508730158.5269709] Olympus created replica process: Replica 1
[2017-10-22 23:42:38,528] bcr.Olympus<Olympus:23002>:OUTPUT: [Olympus][TS: 1508730158.5280352] Olympus created keys for replica process: Replica 1. Public key: b'3c7f1844c452d9b048ab4cac6e0e85d5b45f412ff3c0c08b61a6c3838981f6f7'
[2017-10-22 23:42:38,543] bcr.Replica<Replica:23005>:OUTPUT: [Tail][TS: 1508730158.543044] replica failures: {}
[2017-10-22 23:42:38,544] bcr.Olympus<Olympus:23002>:OUTPUT: [Olympus][TS: 1508730158.5446022] Olympus created replica process: Replica 2
[2017-10-22 23:42:38,545] bcr.Olympus<Olympus:23002>:OUTPUT: [Olympus][TS: 1508730158.54581] Olympus created keys for replica process: Replica 2. Public key: b'17c1857736ca1c78cb8976bdca44a7cb1b2438b92e7906a9a9c0aee371e27993'
[2017-10-22 23:42:38,547] bcr.Node_<Node_:a0001>:OUTPUT: [Main][TS: 1508730158.547858] Workload for client 0 : [('put', ['movie', 'star']), ('append', ['movie', ' wars']), ('slice', ['movie', ' 0:4']), ('get', ['movie'])]
[2017-10-22 23:42:38,552] bcr.Replica<Replica:23003>:OUTPUT: [Head][TS: 1508730158.5526102] Head received replica references and public keys from Olympus
[2017-10-22 23:42:38,554] bcr.Olympus<Olympus:23002>:OUTPUT: [Olympus][TS: 1508730158.554483] ACK from Head.
[2017-10-22 23:42:38,554] bcr.Replica<Replica:23003>:OUTPUT: [Head][TS: 1508730158.554731] Head has receives its private key from Olympus.
[2017-10-22 23:42:38,555] bcr.Replica<Replica:23004>:OUTPUT: [Replica 1][TS: 1508730158.555438] Replica 1 received replica references and public keys from Olympus
[2017-10-22 23:42:38,556] bcr.Olympus<Olympus:23002>:OUTPUT: [Olympus][TS: 1508730158.556122] ACK from Head.
[2017-10-22 23:42:38,556] bcr.Replica<Replica:23005>:OUTPUT: [Tail][TS: 1508730158.556364] Tail received replica references and public keys from Olympus
[2017-10-22 23:42:38,556] bcr.Replica<Replica:23004>:OUTPUT: [Replica 1][TS: 1508730158.556669] Replica 1 has receives its private key from Olympus.
[2017-10-22 23:42:38,556] bcr.Olympus<Olympus:23002>:OUTPUT: [Olympus][TS: 1508730158.5569751] ACK from Replica 1.
[2017-10-22 23:42:38,557] bcr.Replica<Replica:23005>:OUTPUT: [Tail][TS: 1508730158.557674] Tail has receives its private key from Olympus.
[2017-10-22 23:42:38,558] bcr.Olympus<Olympus:23002>:OUTPUT: [Olympus][TS: 1508730158.558066] ACK from Tail.
[2017-10-22 23:42:38,558] bcr.Olympus<Olympus:23002>:OUTPUT: [Olympus][TS: 1508730158.558811] ACK from Replica 1.
[2017-10-22 23:42:38,559] bcr.Olympus<Olympus:23002>:OUTPUT: [Olympus][TS: 1508730158.559525] ACK from Tail.
[2017-10-22 23:42:38,575] bcr.Client<Client:23003>:OUTPUT: [Client 0][TS: 1508730158.5754392] Client 0 is configured.
[2017-10-22 23:42:38,577] bcr.Olympus<Olympus:23002>:OUTPUT: [Olympus][TS: 1508730158.577111] Received public key: b'2457526e5ffff63f195c3855609ee850b0261d6a4c7b82584fbe6f23c343ccf9' from client: Client 0
[2017-10-22 23:42:38,577] bcr.Replica<Replica:23003>:OUTPUT: [Head][TS: 1508730158.577321] Head has received client public key: b'2457526e5ffff63f195c3855609ee850b0261d6a4c7b82584fbe6f23c343ccf9' for client 0
[2017-10-22 23:42:38,577] bcr.Olympus<Olympus:23002>:OUTPUT: [Olympus][TS: 1508730158.5777621] Configuration sent to Client 0.
[2017-10-22 23:42:38,579] bcr.Replica<Replica:23004>:OUTPUT: [Replica 1][TS: 1508730158.578971] Replica 1 has received client public key: b'2457526e5ffff63f195c3855609ee850b0261d6a4c7b82584fbe6f23c343ccf9' for client 0
[2017-10-22 23:42:38,579] bcr.Olympus<Olympus:23002>:OUTPUT: [Olympus][TS: 1508730158.579159] ACK from Client 0.
[2017-10-22 23:42:38,579] bcr.Replica<Replica:23005>:OUTPUT: [Tail][TS: 1508730158.5792189] Tail has received client public key: b'2457526e5ffff63f195c3855609ee850b0261d6a4c7b82584fbe6f23c343ccf9' for client 0
[2017-10-22 23:42:38,580] bcr.Client<Client:23003>:OUTPUT: [Client 0][TS: 1508730158.580534] Received the public keys of replicas from Olympus
[2017-10-22 23:42:38,580] bcr.Replica<Replica:23003>:OUTPUT: [Head][TS: 1508730158.580798] put request with request id 0 received by Head.
[2017-10-22 23:42:38,579] bcr.Olympus<Olympus:23002>:OUTPUT: [Olympus][TS: 1508730158.579764] ACK from Head.
[2017-10-22 23:42:38,593] bcr.Client<Client:23003>:OUTPUT: [Client 0][TS: 1508730158.593142] Received the public key of Olympus.
[2017-10-22 23:42:38,593] bcr.Olympus<Olympus:23002>:OUTPUT: [Olympus][TS: 1508730158.5933728] ACK from Replica 1.
[2017-10-22 23:42:38,593] bcr.Replica<Replica:23003>:OUTPUT: [Head][TS: 1508730158.5932312] Head is in ACTIVE state.
[2017-10-22 23:42:38,593] bcr.Olympus<Olympus:23002>:OUTPUT: [Olympus][TS: 1508730158.593858] ACK from Tail.
[2017-10-22 23:42:38,594] bcr.Olympus<Olympus:23002>:OUTPUT: [Olympus][TS: 1508730158.594529] ACK from Client 0.
[2017-10-22 23:42:38,595] bcr.Replica<Replica:23004>:OUTPUT: [Replica 1][TS: 1508730158.595841] put request with request id 0 received by Replica 1.
[2017-10-22 23:42:38,596] bcr.Replica<Replica:23004>:OUTPUT: [Replica 1][TS: 1508730158.596338] Replica 1 is in ACTIVE state.
[2017-10-22 23:42:38,599] bcr.Replica<Replica:23005>:OUTPUT: [Tail][TS: 1508730158.599238] put request with request id 0 received by Tail.
[2017-10-22 23:42:38,599] bcr.Replica<Replica:23005>:OUTPUT: [Tail][TS: 1508730158.599744] Tail is in ACTIVE state.
[2017-10-22 23:42:38,605] bcr.Client<Client:23003>:OUTPUT: [Client 0][TS: 1508730158.605691] Number of correct result proofs received :3, required majority: 2
[2017-10-22 23:42:38,606] bcr.Client<Client:23003>:OUTPUT: [Client 0][TS: 1508730158.606729] Valid result: OK received for request id: 0
[2017-10-22 23:42:38,607] bcr.Replica<Replica:23005>:OUTPUT: [Tail][TS: 1508730158.607539] Result shuttle is at Tail.
[2017-10-22 23:42:38,609] bcr.Replica<Replica:23003>:OUTPUT: [Head][TS: 1508730158.609484] append request with request id 1 received by Head.
[2017-10-22 23:42:38,610] bcr.Replica<Replica:23003>:OUTPUT: [Head][TS: 1508730158.610207] Head is in ACTIVE state.
[2017-10-22 23:42:38,611] bcr.Replica<Replica:23004>:OUTPUT: [Replica 1][TS: 1508730158.611122] Result shuttle is at Replica 1.
[2017-10-22 23:42:38,611] bcr.Replica<Replica:23003>:OUTPUT: [Head][TS: 1508730158.61198] Result shuttle is at Head.
[2017-10-22 23:42:38,612] bcr.Replica<Replica:23004>:OUTPUT: [Replica 1][TS: 1508730158.612254] append request with request id 1 received by Replica 1.
[2017-10-22 23:42:38,612] bcr.Replica<Replica:23004>:OUTPUT: [Replica 1][TS: 1508730158.612609] Replica 1 is in ACTIVE state.
[2017-10-22 23:42:38,614] bcr.Replica<Replica:23005>:OUTPUT: [Tail][TS: 1508730158.6140559] append request with request id 1 received by Tail.
[2017-10-22 23:42:38,614] bcr.Replica<Replica:23005>:OUTPUT: [Tail][TS: 1508730158.614489] Tail is in ACTIVE state.
[2017-10-22 23:42:38,616] bcr.Client<Client:23003>:OUTPUT: [Client 0][TS: 1508730158.616161] Number of correct result proofs received :3, required majority: 2
[2017-10-22 23:42:38,616] bcr.Client<Client:23003>:OUTPUT: [Client 0][TS: 1508730158.616707] Valid result: OK received for request id: 1
[2017-10-22 23:42:38,617] bcr.Replica<Replica:23005>:OUTPUT: [Tail][TS: 1508730158.616981] Result shuttle is at Tail.
[2017-10-22 23:42:38,618] bcr.Replica<Replica:23003>:OUTPUT: [Head][TS: 1508730158.6180658] slice request with request id 2 received by Head.
[2017-10-22 23:42:38,618] bcr.Replica<Replica:23004>:OUTPUT: [Replica 1][TS: 1508730158.618201] Result shuttle is at Replica 1.
[2017-10-22 23:42:38,618] bcr.Replica<Replica:23003>:OUTPUT: [Head][TS: 1508730158.6186612] Head is in ACTIVE state.
[2017-10-22 23:42:38,619] bcr.Replica<Replica:23003>:OUTPUT: [Head][TS: 1508730158.619942] Result shuttle is at Head.
[2017-10-22 23:42:38,619] bcr.Replica<Replica:23004>:OUTPUT: [Replica 1][TS: 1508730158.619909] slice request with request id 2 received by Replica 1.
[2017-10-22 23:42:38,620] bcr.Replica<Replica:23004>:OUTPUT: [Replica 1][TS: 1508730158.6203442] Replica 1 is in ACTIVE state.
[2017-10-22 23:42:38,621] bcr.Replica<Replica:23005>:OUTPUT: [Tail][TS: 1508730158.62161] slice request with request id 2 received by Tail.
[2017-10-22 23:42:38,622] bcr.Replica<Replica:23005>:OUTPUT: [Tail][TS: 1508730158.621991] Tail is in ACTIVE state.
[2017-10-22 23:42:38,623] bcr.Client<Client:23003>:OUTPUT: [Client 0][TS: 1508730158.623536] Number of correct result proofs received :3, required majority: 2
[2017-10-22 23:42:38,624] bcr.Client<Client:23003>:OUTPUT: [Client 0][TS: 1508730158.6240692] Valid result: star received for request id: 2
[2017-10-22 23:42:38,624] bcr.Replica<Replica:23005>:OUTPUT: [Tail][TS: 1508730158.624854] Result shuttle is at Tail.
[2017-10-22 23:42:38,625] bcr.Replica<Replica:23003>:OUTPUT: [Head][TS: 1508730158.625877] get request with request id 3 received by Head.
[2017-10-22 23:42:38,626] bcr.Replica<Replica:23003>:OUTPUT: [Head][TS: 1508730158.626261] Head is in ACTIVE state.
[2017-10-22 23:42:38,626] bcr.Replica<Replica:23004>:OUTPUT: [Replica 1][TS: 1508730158.626404] Result shuttle is at Replica 1.
[2017-10-22 23:42:38,627] bcr.Replica<Replica:23003>:OUTPUT: [Head][TS: 1508730158.627912] Result shuttle is at Head.
[2017-10-22 23:42:38,627] bcr.Replica<Replica:23004>:OUTPUT: [Replica 1][TS: 1508730158.6279192] get request with request id 3 received by Replica 1.
[2017-10-22 23:42:38,628] bcr.Replica<Replica:23004>:OUTPUT: [Replica 1][TS: 1508730158.628386] Replica 1 is in ACTIVE state.
[2017-10-22 23:42:38,629] bcr.Replica<Replica:23005>:OUTPUT: [Tail][TS: 1508730158.6297972] get request with request id 3 received by Tail.
[2017-10-22 23:42:38,630] bcr.Replica<Replica:23005>:OUTPUT: [Tail][TS: 1508730158.6301498] Tail is in ACTIVE state.
[2017-10-22 23:42:38,631] bcr.Client<Client:23003>:OUTPUT: [Client 0][TS: 1508730158.631894] Number of correct result proofs received :3, required majority: 2
[2017-10-22 23:42:38,632] bcr.Client<Client:23003>:OUTPUT: [Client 0][TS: 1508730158.63245] Valid result: star received for request id: 3
[2017-10-22 23:42:38,632] bcr.Replica<Replica:23005>:OUTPUT: [Tail][TS: 1508730158.632597] Result shuttle is at Tail.
[2017-10-22 23:42:38,634] bcr.Replica<Replica:23003>:OUTPUT: [Head][TS: 1508730158.634466] Result shuttle is at Head.
[2017-10-22 23:42:38,633] bcr.Replica<Replica:23004>:OUTPUT: [Replica 1][TS: 1508730158.6339562] Result shuttle is at Replica 1.
[2017-10-22 23:42:38,633] bcr.Client<Client:23003>:OUTPUT: [Client 0][TS: 1508730158.6332679] Local running state of client after the given set of operations: {'movie': 'star'}.
[2017-10-22 23:42:38,651] bcr.Client<Client:23003>:OUTPUT: [Client 0][TS: 1508730158.6518881] Running state of client at the server (assuming no conflicting keys from other clients) after the given set of operations: {'movie': 'star'}.
[2017-10-22 23:42:38,652] bcr.Client<Client:23003>:OUTPUT: [Client 0][TS: 1508730158.652454] 

Test case passed! Actual and expected running states match.


[2017-10-22 23:42:46,996] bcr.Node_<Node_:a0001>:OUTPUT: [Main][TS: 1508730166.996811] Running BCR simulation for test case: replica_dict_object_support
[2017-10-22 23:42:47,059] bcr.Replica<Replica:31803>:OUTPUT: [Head][TS: 1508730167.059008] replica failures: {}
[2017-10-22 23:42:47,060] bcr.Olympus<Olympus:31802>:OUTPUT: [Olympus][TS: 1508730167.060593] Olympus created replica process: Replica 0
[2017-10-22 23:42:47,061] bcr.Olympus<Olympus:31802>:OUTPUT: [Olympus][TS: 1508730167.061592] Olympus created keys for replica process: Replica 0. Public key: b'68e9d5f11ab77de017d01a01e5bb18a02352d9a0590efa86cd6fb739e4d4eb78'
[2017-10-22 23:42:47,079] bcr.Replica<Replica:31804>:OUTPUT: [Replica 1][TS: 1508730167.078808] replica failures: {}
[2017-10-22 23:42:47,081] bcr.Olympus<Olympus:31802>:OUTPUT: [Olympus][TS: 1508730167.081533] Olympus created replica process: Replica 1
[2017-10-22 23:42:47,083] bcr.Olympus<Olympus:31802>:OUTPUT: [Olympus][TS: 1508730167.0832791] Olympus created keys for replica process: Replica 1. Public key: b'6f2cd1752fe17efe9292bfe15218c6ed1979ad941aa85debd2aabe03ceb443aa'
[2017-10-22 23:42:47,097] bcr.Replica<Replica:31805>:OUTPUT: [Tail][TS: 1508730167.097781] replica failures: {}
[2017-10-22 23:42:47,098] bcr.Olympus<Olympus:31802>:OUTPUT: [Olympus][TS: 1508730167.098899] Olympus created replica process: Replica 2
[2017-10-22 23:42:47,099] bcr.Olympus<Olympus:31802>:OUTPUT: [Olympus][TS: 1508730167.099713] Olympus created keys for replica process: Replica 2. Public key: b'9493a3e6d254346a5db984f16568bd5790a70bf3e1fadad7b1db6a8a5c8112d0'
[2017-10-22 23:42:47,101] bcr.Node_<Node_:a0001>:OUTPUT: [Main][TS: 1508730167.101227] Workload for client 0 : [('put', ['movie', 'star']), ('append', ['movie', ' wars']), ('slice', ['movie', ' 0:4']), ('get', ['movie'])]
[2017-10-22 23:42:47,108] bcr.Replica<Replica:31803>:OUTPUT: [Head][TS: 1508730167.108227] Head received replica references and public keys from Olympus
[2017-10-22 23:42:47,108] bcr.Replica<Replica:31804>:OUTPUT: [Replica 1][TS: 1508730167.108397] Replica 1 received replica references and public keys from Olympus
[2017-10-22 23:42:47,109] bcr.Replica<Replica:31803>:OUTPUT: [Head][TS: 1508730167.1098602] Head has receives its private key from Olympus.
[2017-10-22 23:42:47,109] bcr.Replica<Replica:31804>:OUTPUT: [Replica 1][TS: 1508730167.1099489] Replica 1 has receives its private key from Olympus.
[2017-10-22 23:42:47,109] bcr.Replica<Replica:31805>:OUTPUT: [Tail][TS: 1508730167.109754] Tail received replica references and public keys from Olympus
[2017-10-22 23:42:47,110] bcr.Olympus<Olympus:31802>:OUTPUT: [Olympus][TS: 1508730167.110212] ACK from Head.
[2017-10-22 23:42:47,110] bcr.Olympus<Olympus:31802>:OUTPUT: [Olympus][TS: 1508730167.110948] ACK from Replica 1.
[2017-10-22 23:42:47,111] bcr.Replica<Replica:31805>:OUTPUT: [Tail][TS: 1508730167.111447] Tail has receives its private key from Olympus.
[2017-10-22 23:42:47,111] bcr.Olympus<Olympus:31802>:OUTPUT: [Olympus][TS: 1508730167.111788] ACK from Head.
[2017-10-22 23:42:47,112] bcr.Olympus<Olympus:31802>:OUTPUT: [Olympus][TS: 1508730167.112639] ACK from Replica 1.
[2017-10-22 23:42:47,113] bcr.Olympus<Olympus:31802>:OUTPUT: [Olympus][TS: 1508730167.113222] ACK from Tail.
[2017-10-22 23:42:47,113] bcr.Olympus<Olympus:31802>:OUTPUT: [Olympus][TS: 1508730167.113631] ACK from Tail.
[2017-10-22 23:42:47,128] bcr.Olympus<Olympus:31802>:OUTPUT: [Olympus][TS: 1508730167.1285708] Received public key: b'ac2893971bd95bef208da7cb9160718ab99bc2566e045606eaaa95a862248ee0' from client: Client 0
[2017-10-22 23:42:47,130] bcr.Replica<Replica:31804>:OUTPUT: [Replica 1][TS: 1508730167.1302679] Replica 1 has received client public key: b'ac2893971bd95bef208da7cb9160718ab99bc2566e045606eaaa95a862248ee0' for client 0
[2017-10-22 23:42:47,127] bcr.Client<Client:31803>:OUTPUT: [Client 0][TS: 1508730167.127669] Client 0 is configured.
[2017-10-22 23:42:47,129] bcr.Replica<Replica:31803>:OUTPUT: [Head][TS: 1508730167.128958] Head has received client public key: b'ac2893971bd95bef208da7cb9160718ab99bc2566e045606eaaa95a862248ee0' for client 0
[2017-10-22 23:42:47,131] bcr.Olympus<Olympus:31802>:OUTPUT: [Olympus][TS: 1508730167.131101] Configuration sent to Client 0.
[2017-10-22 23:42:47,132] bcr.Replica<Replica:31805>:OUTPUT: [Tail][TS: 1508730167.131945] Tail has received client public key: b'ac2893971bd95bef208da7cb9160718ab99bc2566e045606eaaa95a862248ee0' for client 0
[2017-10-22 23:42:47,136] bcr.Olympus<Olympus:31802>:OUTPUT: [Olympus][TS: 1508730167.136031] ACK from Replica 1.
[2017-10-22 23:42:47,136] bcr.Client<Client:31803>:OUTPUT: [Client 0][TS: 1508730167.136535] Received the public keys of replicas from Olympus
[2017-10-22 23:42:47,136] bcr.Olympus<Olympus:31802>:OUTPUT: [Olympus][TS: 1508730167.136699] ACK from Client 0.
[2017-10-22 23:42:47,137] bcr.Client<Client:31803>:OUTPUT: [Client 0][TS: 1508730167.137074] Received the public key of Olympus.
[2017-10-22 23:42:47,137] bcr.Olympus<Olympus:31802>:OUTPUT: [Olympus][TS: 1508730167.137271] ACK from Head.
[2017-10-22 23:42:47,137] bcr.Replica<Replica:31803>:OUTPUT: [Head][TS: 1508730167.137372] put request with request id 0 received by Head.
[2017-10-22 23:42:47,137] bcr.Replica<Replica:31803>:OUTPUT: [Head][TS: 1508730167.1379762] Head is in ACTIVE state.
[2017-10-22 23:42:47,138] bcr.Olympus<Olympus:31802>:OUTPUT: [Olympus][TS: 1508730167.138295] ACK from Tail.
[2017-10-22 23:42:47,139] bcr.Olympus<Olympus:31802>:OUTPUT: [Olympus][TS: 1508730167.139043] ACK from Client 0.
[2017-10-22 23:42:47,140] bcr.Replica<Replica:31804>:OUTPUT: [Replica 1][TS: 1508730167.140429] put request with request id 0 received by Replica 1.
[2017-10-22 23:42:47,140] bcr.Replica<Replica:31804>:OUTPUT: [Replica 1][TS: 1508730167.140821] Replica 1 is in ACTIVE state.
[2017-10-22 23:42:47,143] bcr.Replica<Replica:31805>:OUTPUT: [Tail][TS: 1508730167.143085] put request with request id 0 received by Tail.
[2017-10-22 23:42:47,154] bcr.Replica<Replica:31805>:OUTPUT: [Tail][TS: 1508730167.1544142] Tail is in ACTIVE state.
[2017-10-22 23:42:47,157] bcr.Client<Client:31803>:OUTPUT: [Client 0][TS: 1508730167.157484] Number of correct result proofs received :3, required majority: 2
[2017-10-22 23:42:47,158] bcr.Client<Client:31803>:OUTPUT: [Client 0][TS: 1508730167.158011] Valid result: OK received for request id: 0
[2017-10-22 23:42:47,158] bcr.Replica<Replica:31805>:OUTPUT: [Tail][TS: 1508730167.158606] Result shuttle is at Tail.
[2017-10-22 23:42:47,159] bcr.Replica<Replica:31803>:OUTPUT: [Head][TS: 1508730167.159457] append request with request id 1 received by Head.
[2017-10-22 23:42:47,159] bcr.Replica<Replica:31803>:OUTPUT: [Head][TS: 1508730167.1599622] Head is in ACTIVE state.
[2017-10-22 23:42:47,161] bcr.Replica<Replica:31804>:OUTPUT: [Replica 1][TS: 1508730167.161213] Result shuttle is at Replica 1.
[2017-10-22 23:42:47,161] bcr.Replica<Replica:31803>:OUTPUT: [Head][TS: 1508730167.1619031] Result shuttle is at Head.
[2017-10-22 23:42:47,162] bcr.Replica<Replica:31804>:OUTPUT: [Replica 1][TS: 1508730167.162343] append request with request id 1 received by Replica 1.
[2017-10-22 23:42:47,162] bcr.Replica<Replica:31804>:OUTPUT: [Replica 1][TS: 1508730167.16271] Replica 1 is in ACTIVE state.
[2017-10-22 23:42:47,164] bcr.Replica<Replica:31805>:OUTPUT: [Tail][TS: 1508730167.164041] append request with request id 1 received by Tail.
[2017-10-22 23:42:47,164] bcr.Replica<Replica:31805>:OUTPUT: [Tail][TS: 1508730167.164418] Tail is in ACTIVE state.
[2017-10-22 23:42:47,166] bcr.Client<Client:31803>:OUTPUT: [Client 0][TS: 1508730167.166024] Number of correct result proofs received :3, required majority: 2
[2017-10-22 23:42:47,166] bcr.Client<Client:31803>:OUTPUT: [Client 0][TS: 1508730167.166414] Valid result: OK received for request id: 1
[2017-10-22 23:42:47,166] bcr.Replica<Replica:31805>:OUTPUT: [Tail][TS: 1508730167.166877] Result shuttle is at Tail.
[2017-10-22 23:42:47,167] bcr.Replica<Replica:31803>:OUTPUT: [Head][TS: 1508730167.167836] slice request with request id 2 received by Head.
[2017-10-22 23:42:47,168] bcr.Replica<Replica:31804>:OUTPUT: [Replica 1][TS: 1508730167.168052] Result shuttle is at Replica 1.
[2017-10-22 23:42:47,168] bcr.Replica<Replica:31803>:OUTPUT: [Head][TS: 1508730167.168442] Head is in ACTIVE state.
[2017-10-22 23:42:47,169] bcr.Replica<Replica:31804>:OUTPUT: [Replica 1][TS: 1508730167.169687] slice request with request id 2 received by Replica 1.
[2017-10-22 23:42:47,170] bcr.Replica<Replica:31803>:OUTPUT: [Head][TS: 1508730167.1701279] Result shuttle is at Head.
[2017-10-22 23:42:47,170] bcr.Replica<Replica:31804>:OUTPUT: [Replica 1][TS: 1508730167.170309] Replica 1 is in ACTIVE state.
[2017-10-22 23:42:47,171] bcr.Replica<Replica:31805>:OUTPUT: [Tail][TS: 1508730167.171911] slice request with request id 2 received by Tail.
[2017-10-22 23:42:47,172] bcr.Replica<Replica:31805>:OUTPUT: [Tail][TS: 1508730167.1723971] Tail is in ACTIVE state.
[2017-10-22 23:42:47,174] bcr.Client<Client:31803>:OUTPUT: [Client 0][TS: 1508730167.174135] Number of correct result proofs received :3, required majority: 2
[2017-10-22 23:42:47,174] bcr.Client<Client:31803>:OUTPUT: [Client 0][TS: 1508730167.174606] Valid result: star received for request id: 2
[2017-10-22 23:42:47,176] bcr.Replica<Replica:31805>:OUTPUT: [Tail][TS: 1508730167.176697] Result shuttle is at Tail.
[2017-10-22 23:42:47,178] bcr.Replica<Replica:31803>:OUTPUT: [Head][TS: 1508730167.17815] get request with request id 3 received by Head.
[2017-10-22 23:42:47,178] bcr.Replica<Replica:31803>:OUTPUT: [Head][TS: 1508730167.178903] Head is in ACTIVE state.
[2017-10-22 23:42:47,180] bcr.Replica<Replica:31804>:OUTPUT: [Replica 1][TS: 1508730167.180341] Result shuttle is at Replica 1.
[2017-10-22 23:42:47,182] bcr.Replica<Replica:31803>:OUTPUT: [Head][TS: 1508730167.182922] Result shuttle is at Head.
[2017-10-22 23:42:47,183] bcr.Replica<Replica:31804>:OUTPUT: [Replica 1][TS: 1508730167.1838222] get request with request id 3 received by Replica 1.
[2017-10-22 23:42:47,184] bcr.Replica<Replica:31804>:OUTPUT: [Replica 1][TS: 1508730167.184143] Replica 1 is in ACTIVE state.
[2017-10-22 23:42:47,185] bcr.Replica<Replica:31805>:OUTPUT: [Tail][TS: 1508730167.185514] get request with request id 3 received by Tail.
[2017-10-22 23:42:47,185] bcr.Replica<Replica:31805>:OUTPUT: [Tail][TS: 1508730167.185874] Tail is in ACTIVE state.
[2017-10-22 23:42:47,187] bcr.Client<Client:31803>:OUTPUT: [Client 0][TS: 1508730167.187894] Number of correct result proofs received :3, required majority: 2
[2017-10-22 23:42:47,188] bcr.Client<Client:31803>:OUTPUT: [Client 0][TS: 1508730167.188498] Valid result: star received for request id: 3
[2017-10-22 23:42:47,188] bcr.Replica<Replica:31805>:OUTPUT: [Tail][TS: 1508730167.1886442] Result shuttle is at Tail.
[2017-10-22 23:42:47,190] bcr.Replica<Replica:31803>:OUTPUT: [Head][TS: 1508730167.190669] Result shuttle is at Head.
[2017-10-22 23:42:47,189] bcr.Replica<Replica:31804>:OUTPUT: [Replica 1][TS: 1508730167.1899679] Result shuttle is at Replica 1.
[2017-10-22 23:42:47,189] bcr.Client<Client:31803>:OUTPUT: [Client 0][TS: 1508730167.189527] Local running state of client after the given set of operations: {'movie': 'star'}.
[2017-10-22 23:42:47,205] bcr.Client<Client:31803>:OUTPUT: [Client 0][TS: 1508730167.205041] Running state of client at the server (assuming no conflicting keys from other clients) after the given set of operations: {'movie': 'star'}.
[2017-10-22 23:42:47,205] bcr.Client<Client:31803>:OUTPUT: [Client 0][TS: 1508730167.205585] 

Test case passed! Actual and expected running states match.


[2017-10-22 23:42:53,856] bcr.Node_<Node_:a0001>:OUTPUT: [Main][TS: 1508730173.856517] Running BCR simulation for test case: replica_dict_object_support
[2017-10-22 23:42:53,923] bcr.Replica<Replica:c5803>:OUTPUT: [Head][TS: 1508730173.923187] replica failures: {}
[2017-10-22 23:42:53,924] bcr.Olympus<Olympus:c5802>:OUTPUT: [Olympus][TS: 1508730173.924892] Olympus created replica process: Replica 0
[2017-10-22 23:42:53,925] bcr.Olympus<Olympus:c5802>:OUTPUT: [Olympus][TS: 1508730173.925956] Olympus created keys for replica process: Replica 0. Public key: b'75666d955f7bd03e4ce73713a1ae4392b902e678570b7ce583940d6aa567d7d7'
[2017-10-22 23:42:53,940] bcr.Replica<Replica:c5804>:OUTPUT: [Replica 1][TS: 1508730173.940938] replica failures: {}
[2017-10-22 23:42:53,942] bcr.Olympus<Olympus:c5802>:OUTPUT: [Olympus][TS: 1508730173.942094] Olympus created replica process: Replica 1
[2017-10-22 23:42:53,943] bcr.Olympus<Olympus:c5802>:OUTPUT: [Olympus][TS: 1508730173.942997] Olympus created keys for replica process: Replica 1. Public key: b'19d47676f11b7f05ceae09d71c1c4bd2c4ee6d1877489b31a43aef2d0c18fb64'
[2017-10-22 23:42:53,960] bcr.Replica<Replica:c5805>:OUTPUT: [Tail][TS: 1508730173.960348] replica failures: {}
[2017-10-22 23:42:53,961] bcr.Olympus<Olympus:c5802>:OUTPUT: [Olympus][TS: 1508730173.961586] Olympus created replica process: Replica 2
[2017-10-22 23:42:53,962] bcr.Olympus<Olympus:c5802>:OUTPUT: [Olympus][TS: 1508730173.962434] Olympus created keys for replica process: Replica 2. Public key: b'f7083e63fc6d5a6bfe005c554b53ff71c33fc3b846070ff3bb6f11f44c0be0ca'
[2017-10-22 23:42:53,965] bcr.Node_<Node_:a0001>:OUTPUT: [Main][TS: 1508730173.9649951] Workload for client 0 : [('put', ['movie', 'star']), ('append', ['movie', ' wars']), ('slice', ['movie', ' 0:4']), ('get', ['movie'])]
[2017-10-22 23:42:53,970] bcr.Replica<Replica:c5804>:OUTPUT: [Replica 1][TS: 1508730173.970171] Replica 1 received replica references and public keys from Olympus
[2017-10-22 23:42:53,970] bcr.Replica<Replica:c5803>:OUTPUT: [Head][TS: 1508730173.970597] Head received replica references and public keys from Olympus
[2017-10-22 23:42:53,972] bcr.Replica<Replica:c5805>:OUTPUT: [Tail][TS: 1508730173.9727428] Tail received replica references and public keys from Olympus
[2017-10-22 23:42:53,973] bcr.Replica<Replica:c5803>:OUTPUT: [Head][TS: 1508730173.973556] Head has receives its private key from Olympus.
[2017-10-22 23:42:53,973] bcr.Replica<Replica:c5804>:OUTPUT: [Replica 1][TS: 1508730173.973593] Replica 1 has receives its private key from Olympus.
[2017-10-22 23:42:53,975] bcr.Replica<Replica:c5805>:OUTPUT: [Tail][TS: 1508730173.975671] Tail has receives its private key from Olympus.
[2017-10-22 23:42:53,976] bcr.Olympus<Olympus:c5802>:OUTPUT: [Olympus][TS: 1508730173.976216] ACK from Replica 1.
[2017-10-22 23:42:53,976] bcr.Olympus<Olympus:c5802>:OUTPUT: [Olympus][TS: 1508730173.976919] ACK from Head.
[2017-10-22 23:42:53,977] bcr.Olympus<Olympus:c5802>:OUTPUT: [Olympus][TS: 1508730173.9774358] ACK from Tail.
[2017-10-22 23:42:53,978] bcr.Olympus<Olympus:c5802>:OUTPUT: [Olympus][TS: 1508730173.978465] ACK from Head.
[2017-10-22 23:42:53,978] bcr.Olympus<Olympus:c5802>:OUTPUT: [Olympus][TS: 1508730173.9789271] ACK from Replica 1.
[2017-10-22 23:42:53,979] bcr.Olympus<Olympus:c5802>:OUTPUT: [Olympus][TS: 1508730173.979295] ACK from Tail.
[2017-10-22 23:42:53,986] bcr.Client<Client:c5803>:OUTPUT: [Client 0][TS: 1508730173.9866729] Client 0 is configured.
[2017-10-22 23:42:53,987] bcr.Replica<Replica:c5803>:OUTPUT: [Head][TS: 1508730173.987463] Head has received client public key: b'eec855209449dd7de58e384346f74d8730244def7def522a57bf131839f08e5b' for client 0
[2017-10-22 23:42:53,987] bcr.Olympus<Olympus:c5802>:OUTPUT: [Olympus][TS: 1508730173.987373] Received public key: b'eec855209449dd7de58e384346f74d8730244def7def522a57bf131839f08e5b' from client: Client 0
[2017-10-22 23:42:53,988] bcr.Olympus<Olympus:c5802>:OUTPUT: [Olympus][TS: 1508730173.988302] Configuration sent to Client 0.
[2017-10-22 23:42:53,989] bcr.Olympus<Olympus:c5802>:OUTPUT: [Olympus][TS: 1508730173.989229] ACK from Client 0.
[2017-10-22 23:42:53,990] bcr.Replica<Replica:c5803>:OUTPUT: [Head][TS: 1508730173.990041] put request with request id 0 received by Head.
[2017-10-22 23:42:53,989] bcr.Client<Client:c5803>:OUTPUT: [Client 0][TS: 1508730173.98981] Received the public keys of replicas from Olympus
[2017-10-22 23:42:53,989] bcr.Replica<Replica:c5804>:OUTPUT: [Replica 1][TS: 1508730173.989177] Replica 1 has received client public key: b'eec855209449dd7de58e384346f74d8730244def7def522a57bf131839f08e5b' for client 0
[2017-10-22 23:42:54,002] bcr.Replica<Replica:c5803>:OUTPUT: [Head][TS: 1508730174.001992] Head is in ACTIVE state.
[2017-10-22 23:42:54,002] bcr.Client<Client:c5803>:OUTPUT: [Client 0][TS: 1508730174.002025] Received the public key of Olympus.
[2017-10-22 23:42:54,002] bcr.Olympus<Olympus:c5802>:OUTPUT: [Olympus][TS: 1508730174.002089] ACK from Head.
[2017-10-22 23:42:53,989] bcr.Replica<Replica:c5805>:OUTPUT: [Tail][TS: 1508730173.989203] Tail has received client public key: b'eec855209449dd7de58e384346f74d8730244def7def522a57bf131839f08e5b' for client 0
[2017-10-22 23:42:54,003] bcr.Olympus<Olympus:c5802>:OUTPUT: [Olympus][TS: 1508730174.003217] ACK from Replica 1.
[2017-10-22 23:42:54,004] bcr.Olympus<Olympus:c5802>:OUTPUT: [Olympus][TS: 1508730174.00405] ACK from Client 0.
[2017-10-22 23:42:54,004] bcr.Olympus<Olympus:c5802>:OUTPUT: [Olympus][TS: 1508730174.004787] ACK from Tail.
[2017-10-22 23:42:54,005] bcr.Replica<Replica:c5804>:OUTPUT: [Replica 1][TS: 1508730174.0050309] put request with request id 0 received by Replica 1.
[2017-10-22 23:42:54,005] bcr.Replica<Replica:c5804>:OUTPUT: [Replica 1][TS: 1508730174.005468] Replica 1 is in ACTIVE state.
[2017-10-22 23:42:54,007] bcr.Replica<Replica:c5805>:OUTPUT: [Tail][TS: 1508730174.0077472] put request with request id 0 received by Tail.
[2017-10-22 23:42:54,008] bcr.Replica<Replica:c5805>:OUTPUT: [Tail][TS: 1508730174.00815] Tail is in ACTIVE state.
[2017-10-22 23:42:54,011] bcr.Client<Client:c5803>:OUTPUT: [Client 0][TS: 1508730174.0110972] Number of correct result proofs received :3, required majority: 2
[2017-10-22 23:42:54,011] bcr.Client<Client:c5803>:OUTPUT: [Client 0][TS: 1508730174.01157] Valid result: OK received for request id: 0
[2017-10-22 23:42:54,012] bcr.Replica<Replica:c5805>:OUTPUT: [Tail][TS: 1508730174.012557] Result shuttle is at Tail.
[2017-10-22 23:42:54,013] bcr.Replica<Replica:c5803>:OUTPUT: [Head][TS: 1508730174.01318] append request with request id 1 received by Head.
[2017-10-22 23:42:54,013] bcr.Replica<Replica:c5803>:OUTPUT: [Head][TS: 1508730174.013808] Head is in ACTIVE state.
[2017-10-22 23:42:54,015] bcr.Replica<Replica:c5804>:OUTPUT: [Replica 1][TS: 1508730174.015189] Result shuttle is at Replica 1.
[2017-10-22 23:42:54,016] bcr.Replica<Replica:c5803>:OUTPUT: [Head][TS: 1508730174.016532] Result shuttle is at Head.
[2017-10-22 23:42:54,016] bcr.Replica<Replica:c5804>:OUTPUT: [Replica 1][TS: 1508730174.016514] append request with request id 1 received by Replica 1.
[2017-10-22 23:42:54,017] bcr.Replica<Replica:c5804>:OUTPUT: [Replica 1][TS: 1508730174.017128] Replica 1 is in ACTIVE state.
[2017-10-22 23:42:54,018] bcr.Replica<Replica:c5805>:OUTPUT: [Tail][TS: 1508730174.018732] append request with request id 1 received by Tail.
[2017-10-22 23:42:54,019] bcr.Replica<Replica:c5805>:OUTPUT: [Tail][TS: 1508730174.019609] Tail is in ACTIVE state.
[2017-10-22 23:42:54,023] bcr.Client<Client:c5803>:OUTPUT: [Client 0][TS: 1508730174.023136] Number of correct result proofs received :3, required majority: 2
[2017-10-22 23:42:54,024] bcr.Client<Client:c5803>:OUTPUT: [Client 0][TS: 1508730174.024155] Valid result: OK received for request id: 1
[2017-10-22 23:42:54,025] bcr.Replica<Replica:c5805>:OUTPUT: [Tail][TS: 1508730174.0249448] Result shuttle is at Tail.
[2017-10-22 23:42:54,027] bcr.Replica<Replica:c5804>:OUTPUT: [Replica 1][TS: 1508730174.027254] Result shuttle is at Replica 1.
[2017-10-22 23:42:54,027] bcr.Replica<Replica:c5803>:OUTPUT: [Head][TS: 1508730174.0272691] slice request with request id 2 received by Head.
[2017-10-22 23:42:54,027] bcr.Replica<Replica:c5803>:OUTPUT: [Head][TS: 1508730174.027966] Head is in ACTIVE state.
[2017-10-22 23:42:54,029] bcr.Replica<Replica:c5804>:OUTPUT: [Replica 1][TS: 1508730174.029435] slice request with request id 2 received by Replica 1.
[2017-10-22 23:42:54,029] bcr.Replica<Replica:c5804>:OUTPUT: [Replica 1][TS: 1508730174.0298162] Replica 1 is in ACTIVE state.
[2017-10-22 23:42:54,029] bcr.Replica<Replica:c5803>:OUTPUT: [Head][TS: 1508730174.029832] Result shuttle is at Head.
[2017-10-22 23:42:54,031] bcr.Replica<Replica:c5805>:OUTPUT: [Tail][TS: 1508730174.0311291] slice request with request id 2 received by Tail.
[2017-10-22 23:42:54,031] bcr.Replica<Replica:c5805>:OUTPUT: [Tail][TS: 1508730174.031496] Tail is in ACTIVE state.
[2017-10-22 23:42:54,033] bcr.Client<Client:c5803>:OUTPUT: [Client 0][TS: 1508730174.0333178] Number of correct result proofs received :3, required majority: 2
[2017-10-22 23:42:54,033] bcr.Client<Client:c5803>:OUTPUT: [Client 0][TS: 1508730174.0338528] Valid result: star received for request id: 2
[2017-10-22 23:42:54,034] bcr.Replica<Replica:c5805>:OUTPUT: [Tail][TS: 1508730174.0343091] Result shuttle is at Tail.
[2017-10-22 23:42:54,035] bcr.Replica<Replica:c5804>:OUTPUT: [Replica 1][TS: 1508730174.035798] Result shuttle is at Replica 1.
[2017-10-22 23:42:54,035] bcr.Replica<Replica:c5803>:OUTPUT: [Head][TS: 1508730174.035818] get request with request id 3 received by Head.
[2017-10-22 23:42:54,036] bcr.Replica<Replica:c5803>:OUTPUT: [Head][TS: 1508730174.036743] Head is in ACTIVE state.
[2017-10-22 23:42:54,038] bcr.Replica<Replica:c5804>:OUTPUT: [Replica 1][TS: 1508730174.037985] get request with request id 3 received by Replica 1.
[2017-10-22 23:42:54,038] bcr.Replica<Replica:c5803>:OUTPUT: [Head][TS: 1508730174.038374] Result shuttle is at Head.
[2017-10-22 23:42:54,054] bcr.Replica<Replica:c5804>:OUTPUT: [Replica 1][TS: 1508730174.054631] Replica 1 is in ACTIVE state.
[2017-10-22 23:42:54,056] bcr.Replica<Replica:c5805>:OUTPUT: [Tail][TS: 1508730174.056082] get request with request id 3 received by Tail.
[2017-10-22 23:42:54,056] bcr.Replica<Replica:c5805>:OUTPUT: [Tail][TS: 1508730174.0564532] Tail is in ACTIVE state.
[2017-10-22 23:42:54,058] bcr.Client<Client:c5803>:OUTPUT: [Client 0][TS: 1508730174.0581288] Number of correct result proofs received :3, required majority: 2
[2017-10-22 23:42:54,058] bcr.Client<Client:c5803>:OUTPUT: [Client 0][TS: 1508730174.058547] Valid result: star received for request id: 3
[2017-10-22 23:42:54,058] bcr.Replica<Replica:c5805>:OUTPUT: [Tail][TS: 1508730174.0589309] Result shuttle is at Tail.
[2017-10-22 23:42:54,059] bcr.Client<Client:c5803>:OUTPUT: [Client 0][TS: 1508730174.059208] Local running state of client after the given set of operations: {'movie': 'star'}.
[2017-10-22 23:42:54,059] bcr.Client<Client:c5803>:OUTPUT: [Client 0][TS: 1508730174.059608] Running state of client at the server (assuming no conflicting keys from other clients) after the given set of operations: {'movie': 'star'}.
[2017-10-22 23:42:54,059] bcr.Client<Client:c5803>:OUTPUT: [Client 0][TS: 1508730174.059964] 

Test case passed! Actual and expected running states match.


[2017-10-22 23:42:54,060] bcr.Replica<Replica:c5804>:OUTPUT: [Replica 1][TS: 1508730174.060212] Result shuttle is at Replica 1.
[2017-10-22 23:42:54,060] bcr.Replica<Replica:c5803>:OUTPUT: [Head][TS: 1508730174.060881] Result shuttle is at Head.
