[2017-10-22 23:23:31,662] bcr.Node_<Node_:b8001>:OUTPUT: [Main][TS: 1508729011.6626174] Running BCR simulation for test case: basic_multi_client
[2017-10-22 23:23:32,223] bcr.Replica<Replica:86001>:OUTPUT: [Head][TS: 1508729012.2236495] replica failures: [forwarded_request(0,1), change_operation()]
[2017-10-22 23:23:32,224] bcr.Olympus<Olympus:48002>:OUTPUT: [Olympus][TS: 1508729012.2246497] Olympus created replica process: Replica 0
[2017-10-22 23:23:32,224] bcr.Olympus<Olympus:48002>:OUTPUT: [Olympus][TS: 1508729012.2246497] Olympus created keys for replica process: Replica 0. Public key: b'0575a82100dde2f73c0ec90c1794b7e7834a0fad6e98834a4de9040418fa3814'
[2017-10-22 23:23:32,557] bcr.Replica<Replica:86002>:OUTPUT: [Replica 1][TS: 1508729012.5576687] replica failures: [client_request(0,1), drop_result_stmt()]
[2017-10-22 23:23:32,558] bcr.Olympus<Olympus:48002>:OUTPUT: [Olympus][TS: 1508729012.5586686] Olympus created replica process: Replica 1
[2017-10-22 23:23:32,559] bcr.Olympus<Olympus:48002>:OUTPUT: [Olympus][TS: 1508729012.5596688] Olympus created keys for replica process: Replica 1. Public key: b'212e817a3ab9ce510a26859ee41f4283fc0a42c42a78980097b0727aa550b6f9'
[2017-10-22 23:23:32,821] bcr.Replica<Replica:86003>:OUTPUT: [Tail][TS: 1508729012.821684] replica failures: [shuttle(0,0), change_result(), result_shuttle(0,0), drop_result_stmt()]
[2017-10-22 23:23:32,822] bcr.Olympus<Olympus:48002>:OUTPUT: [Olympus][TS: 1508729012.8226838] Olympus created replica process: Replica 2
[2017-10-22 23:23:32,822] bcr.Olympus<Olympus:48002>:OUTPUT: [Olympus][TS: 1508729012.8226838] Olympus created keys for replica process: Replica 2. Public key: b'53365d479558b17d8982be168624ff652e8979c945342277bed242e2ad05f192'
[2017-10-22 23:23:32,825] bcr.Node_<Node_:b8001>:OUTPUT: [Main][TS: 1508729012.825684] Workload for client 0 : [('put', ['movie', 'star']), ('append', ['movie', ' wars']), ('get', ['movie']), ('get', ['test'])]
[2017-10-22 23:23:32,831] bcr.Replica<Replica:86003>:OUTPUT: [Tail][TS: 1508729012.8316844] Tail is configured.
[2017-10-22 23:23:32,831] bcr.Replica<Replica:86002>:OUTPUT: [Replica 1][TS: 1508729012.8316844] Replica 1 is configured.
[2017-10-22 23:23:32,833] bcr.Replica<Replica:86003>:OUTPUT: [Tail][TS: 1508729012.8336844] Tail have received its private key from Olympus.
[2017-10-22 23:23:32,834] bcr.Olympus<Olympus:48002>:OUTPUT: [Olympus][TS: 1508729012.8346846] ACK from Tail.
[2017-10-22 23:23:32,835] bcr.Olympus<Olympus:48002>:OUTPUT: [Olympus][TS: 1508729012.8356845] ACK from Replica 1.
[2017-10-22 23:23:32,837] bcr.Olympus<Olympus:48002>:OUTPUT: [Olympus][TS: 1508729012.8376846] ACK from Tail.
[2017-10-22 23:23:32,835] bcr.Replica<Replica:86002>:OUTPUT: [Replica 1][TS: 1508729012.8356845] Replica 1 have received its private key from Olympus.
[2017-10-22 23:23:32,839] bcr.Replica<Replica:86001>:OUTPUT: [Head][TS: 1508729012.8386848] Head is configured.
[2017-10-22 23:23:32,839] bcr.Olympus<Olympus:48002>:OUTPUT: [Olympus][TS: 1508729012.8396847] ACK from Replica 1.
[2017-10-22 23:23:32,841] bcr.Replica<Replica:86001>:OUTPUT: [Head][TS: 1508729012.8416848] Head have received its private key from Olympus.
[2017-10-22 23:23:32,842] bcr.Olympus<Olympus:48002>:OUTPUT: [Olympus][TS: 1508729012.842685] ACK from Head.
[2017-10-22 23:23:32,843] bcr.Olympus<Olympus:48002>:OUTPUT: [Olympus][TS: 1508729012.843685] ACK from Head.
[2017-10-22 23:23:33,120] bcr.Client<Client:48003>:OUTPUT: [Client 0][TS: 1508729013.1207008] Client 0 is configured.
[2017-10-22 23:23:33,123] bcr.Olympus<Olympus:48002>:OUTPUT: [Olympus][TS: 1508729013.123701] Received public key: b'9ecfa4a3dff03142ddb3b3d7518e88cf3140da2a6eb0ccb65d6d642374ecb2fb' from client: Client 0
[2017-10-22 23:23:33,125] bcr.Olympus<Olympus:48002>:OUTPUT: [Olympus][TS: 1508729013.1257012] Configuration sent to Client 0.
[2017-10-22 23:23:33,129] bcr.Olympus<Olympus:48002>:OUTPUT: [Olympus][TS: 1508729013.1297014] ACK from Client 0.
[2017-10-22 23:23:33,133] bcr.Olympus<Olympus:48002>:OUTPUT: [Olympus][TS: 1508729013.1337016] ACK from Tail.
[2017-10-22 23:23:33,137] bcr.Olympus<Olympus:48002>:OUTPUT: [Olympus][TS: 1508729013.137702] ACK from Replica 1.
[2017-10-22 23:23:33,138] bcr.Client<Client:48003>:OUTPUT: [Client 0][TS: 1508729013.138702] Received the public keys of replicas from Olympus
[2017-10-22 23:23:33,139] bcr.Olympus<Olympus:48002>:OUTPUT: [Olympus][TS: 1508729013.139702] ACK from Head.
[2017-10-22 23:23:33,140] bcr.Replica<Replica:86001>:OUTPUT: [Head][TS: 1508729013.140702] put request with request id 0 received by Head.
[2017-10-22 23:23:33,141] bcr.Client<Client:48003>:OUTPUT: [Client 0][TS: 1508729013.1417022] Received the public key of Olympus.
[2017-10-22 23:23:33,144] bcr.Replica<Replica:86001>:OUTPUT: [Head][TS: 1508729013.1447022] Head is in ACTIVE state.
[2017-10-22 23:23:33,146] bcr.Olympus<Olympus:48002>:OUTPUT: [Olympus][TS: 1508729013.1467023] ACK from Client 0.
[2017-10-22 23:23:33,149] bcr.Replica<Replica:86002>:OUTPUT: [Replica 1][TS: 1508729013.1497025] put request with request id 0 received by Replica 1.
[2017-10-22 23:23:33,150] bcr.Replica<Replica:86002>:OUTPUT: [Replica 1][TS: 1508729013.1507027] Replica 1 is in ACTIVE state.
[2017-10-22 23:23:33,153] bcr.Replica<Replica:86003>:OUTPUT: [Tail][TS: 1508729013.1537027] put request with request id 0 received by Tail.
[2017-10-22 23:23:33,154] bcr.Replica<Replica:86003>:OUTPUT: [Tail][TS: 1508729013.154703] Tail is in ACTIVE state.
[2017-10-22 23:23:33,155] bcr.Replica<Replica:86003>:OUTPUT: [Tail][TS: 1508729013.1557028] Replica Tail: Trigger shuttle failure for client_id: 0 and message count: 0, scenario: shuttle(0,0), change_result()
[2017-10-22 23:23:33,158] bcr.Replica<Replica:86003>:OUTPUT: [Tail][TS: 1508729013.158703] Tail: Trigger result shuttle failure for client_id: 0 and message count: 0, scenario: result_shuttle(0,0), drop_result_stmt()
[2017-10-22 23:23:33,158] bcr.Client<Client:48003>:OUTPUT: [Client 0][TS: 1508729013.158703] Number of correct result proofs received :3, required majority: 2
[2017-10-22 23:23:33,159] bcr.Client<Client:48003>:OUTPUT: [Client 0][TS: 1508729013.159703] Valid result: OK received for request id: 0
[2017-10-22 23:23:33,160] bcr.Replica<Replica:86003>:OUTPUT: [Tail][TS: 1508729013.1607032] Executing failure scenario: shuttle(0,0), change_result()
[2017-10-22 23:23:33,161] bcr.Replica<Replica:86003>:OUTPUT: [Tail][TS: 1508729013.161703] Executing failure scenario: result_shuttle(0,0), drop_result_stmt()
[2017-10-22 23:23:33,162] bcr.Replica<Replica:86001>:OUTPUT: [Head][TS: 1508729013.1627033] append request with request id 1 received by Head.
[2017-10-22 23:23:33,163] bcr.Replica<Replica:86001>:OUTPUT: [Head][TS: 1508729013.1637034] Head is in ACTIVE state.
[2017-10-22 23:23:33,165] bcr.Replica<Replica:86003>:OUTPUT: [Tail][TS: 1508729013.1657035] Result shuttle is at Tail.
[2017-10-22 23:23:33,166] bcr.Replica<Replica:86002>:OUTPUT: [Replica 1][TS: 1508729013.1667035] Result shuttle sent by Replica 2 is not valid.
[2017-10-22 23:23:33,168] bcr.Olympus<Olympus:48002>:OUTPUT: [Olympus][TS: 1508729013.1687036] Reconfiguration request received from Replica 1.
[2017-10-22 23:23:33,168] bcr.Replica<Replica:86002>:OUTPUT: [Replica 1][TS: 1508729013.1687036] append request with request id 1 received by Replica 1.
[2017-10-22 23:23:33,168] bcr.Olympus<Olympus:48002>:OUTPUT: [Olympus][TS: 1508729013.1687036] No reconfiguration mechanism implemented yet.
[2017-10-22 23:23:33,169] bcr.Replica<Replica:86002>:OUTPUT: [Replica 1][TS: 1508729013.1697037] Replica 1 is in ACTIVE state.
[2017-10-22 23:23:33,172] bcr.Replica<Replica:86003>:OUTPUT: [Tail][TS: 1508729013.172704] append request with request id 1 received by Tail.
[2017-10-22 23:23:33,172] bcr.Replica<Replica:86003>:OUTPUT: [Tail][TS: 1508729013.172704] Tail is in ACTIVE state.
[2017-10-22 23:23:33,176] bcr.Client<Client:48003>:OUTPUT: [Client 0][TS: 1508729013.1767042] Number of correct result proofs received :3, required majority: 2
[2017-10-22 23:23:33,176] bcr.Client<Client:48003>:OUTPUT: [Client 0][TS: 1508729013.1767042] Valid result: OK received for request id: 1
[2017-10-22 23:23:33,177] bcr.Replica<Replica:86003>:OUTPUT: [Tail][TS: 1508729013.177704] Result shuttle is at Tail.
[2017-10-22 23:23:33,179] bcr.Replica<Replica:86001>:OUTPUT: [Head][TS: 1508729013.1797042] get request with request id 2 received by Head.
[2017-10-22 23:23:33,181] bcr.Replica<Replica:86001>:OUTPUT: [Head][TS: 1508729013.1817043] Head is in ACTIVE state.
[2017-10-22 23:23:33,182] bcr.Replica<Replica:86002>:OUTPUT: [Replica 1][TS: 1508729013.1827044] Result shuttle is at Replica 1.
[2017-10-22 23:23:33,184] bcr.Replica<Replica:86002>:OUTPUT: [Replica 1][TS: 1508729013.1847045] get request with request id 2 received by Replica 1.
[2017-10-22 23:23:33,184] bcr.Replica<Replica:86001>:OUTPUT: [Head][TS: 1508729013.1847045] Result shuttle is at Head.
[2017-10-22 23:23:33,184] bcr.Replica<Replica:86002>:OUTPUT: [Replica 1][TS: 1508729013.1847045] Replica 1 is in ACTIVE state.
[2017-10-22 23:23:33,187] bcr.Replica<Replica:86003>:OUTPUT: [Tail][TS: 1508729013.1877048] get request with request id 2 received by Tail.
[2017-10-22 23:23:33,188] bcr.Replica<Replica:86003>:OUTPUT: [Tail][TS: 1508729013.1887047] Tail is in ACTIVE state.
[2017-10-22 23:23:33,191] bcr.Client<Client:48003>:OUTPUT: [Client 0][TS: 1508729013.191705] Number of correct result proofs received :3, required majority: 2
[2017-10-22 23:23:33,192] bcr.Client<Client:48003>:OUTPUT: [Client 0][TS: 1508729013.192705] Valid result: star wars received for request id: 2
[2017-10-22 23:23:33,193] bcr.Replica<Replica:86003>:OUTPUT: [Tail][TS: 1508729013.193705] Result shuttle is at Tail.
[2017-10-22 23:23:33,194] bcr.Replica<Replica:86001>:OUTPUT: [Head][TS: 1508729013.194705] get request with request id 3 received by Head.
[2017-10-22 23:23:33,195] bcr.Replica<Replica:86001>:OUTPUT: [Head][TS: 1508729013.1957052] Head is in ACTIVE state.
[2017-10-22 23:23:33,197] bcr.Replica<Replica:86002>:OUTPUT: [Replica 1][TS: 1508729013.1977053] Result shuttle is at Replica 1.
[2017-10-22 23:23:33,199] bcr.Replica<Replica:86001>:OUTPUT: [Head][TS: 1508729013.1997054] Result shuttle is at Head.
[2017-10-22 23:23:33,199] bcr.Replica<Replica:86002>:OUTPUT: [Replica 1][TS: 1508729013.1997054] get request with request id 3 received by Replica 1.
[2017-10-22 23:23:33,200] bcr.Replica<Replica:86002>:OUTPUT: [Replica 1][TS: 1508729013.2007055] Replica 1 is in ACTIVE state.
[2017-10-22 23:23:33,203] bcr.Replica<Replica:86003>:OUTPUT: [Tail][TS: 1508729013.2037055] get request with request id 3 received by Tail.
[2017-10-22 23:23:33,203] bcr.Replica<Replica:86003>:OUTPUT: [Tail][TS: 1508729013.2037055] Tail is in ACTIVE state.
[2017-10-22 23:23:33,207] bcr.Client<Client:48003>:OUTPUT: [Client 0][TS: 1508729013.207706] Number of correct result proofs received :3, required majority: 2
[2017-10-22 23:23:33,207] bcr.Client<Client:48003>:OUTPUT: [Client 0][TS: 1508729013.207706] Valid result:  received for request id: 3
[2017-10-22 23:23:33,208] bcr.Client<Client:48003>:OUTPUT: [Client 0][TS: 1508729013.208706] Local running state of client after the given set of operations: {'movie': 'star wars'}.
[2017-10-22 23:23:33,209] bcr.Replica<Replica:86003>:OUTPUT: [Tail][TS: 1508729013.209706] Result shuttle is at Tail.
[2017-10-22 23:23:33,209] bcr.Client<Client:48003>:OUTPUT: [Client 0][TS: 1508729013.209706] Running state of client at the server (assuming no conflicting keys from other clients) after the given set of operations: {'movie': 'star wars'}.
[2017-10-22 23:23:33,210] bcr.Client<Client:48003>:OUTPUT: [Client 0][TS: 1508729013.210706] 

Test case passed! Actual and expected running states match.


[2017-10-22 23:23:33,212] bcr.Replica<Replica:86002>:OUTPUT: [Replica 1][TS: 1508729013.212706] Result shuttle is at Replica 1.
[2017-10-22 23:23:33,213] bcr.Replica<Replica:86001>:OUTPUT: [Head][TS: 1508729013.2137063] Result shuttle is at Head.
[2017-10-22 23:23:36,208] bcr.Olympus<Olympus:48002>:OUTPUT: [Olympus][TS: 1508729016.2088776] Reconfiguration request received from Head.
[2017-10-22 23:23:36,210] bcr.Olympus<Olympus:48002>:OUTPUT: [Olympus][TS: 1508729016.2108777] No reconfiguration mechanism implemented yet.
